Start testing: Apr 06 13:23 Eastern Daylight Time
----------------------------------------------------------
1/96 Testing: tests_engines_test_trigger
1/96 Test: tests_engines_test_trigger
Command: "D:/Games/Astryx/build-new/bin/Debug/tests_engines_test_trigger.exe"
Directory: D:/Games/Astryx/build-new
"tests_engines_test_trigger" start time: Apr 06 13:23 Eastern Daylight Time
Output:
----------------------------------------------------------
Running main() from gtest_main.cc
Running main() from D:\Games\Astryx\tests\googletest\src\gtest_main.cc
[==========] Running 4 tests from 1 test suite.
[----------] Global test environment set-up.
[----------] 4 tests from TestTrigger
[ RUN      ] TestTrigger.contains_part_1
[       OK ] TestTrigger.contains_part_1 (0 ms)
[ RUN      ] TestTrigger.contains_part_2
[       OK ] TestTrigger.contains_part_2 (0 ms)
[ RUN      ] TestTrigger.contains_part_3
[       OK ] TestTrigger.contains_part_3 (0 ms)
[ RUN      ] TestTrigger.contains_part_4
[       OK ] TestTrigger.contains_part_4 (0 ms)
[----------] 4 tests from TestTrigger (0 ms total)

[----------] Global test environment tear-down
[==========] 4 tests from 1 test suite ran. (0 ms total)
[  PASSED  ] 4 tests.
<end of output>
Test time =   0.09 sec
----------------------------------------------------------
Test Passed.
"tests_engines_test_trigger" end time: Apr 06 13:23 Eastern Daylight Time
"tests_engines_test_trigger" time elapsed: 00:00:00
----------------------------------------------------------

2/96 Testing: tests_common_test_util
2/96 Test: tests_common_test_util
Command: "D:/Games/Astryx/build-new/bin/Debug/tests_common_test_util.exe"
Directory: D:/Games/Astryx/build-new
"tests_common_test_util" start time: Apr 06 13:23 Eastern Daylight Time
Output:
----------------------------------------------------------
Running main() from gtest_main.cc
Running main() from D:\Games\Astryx\tests\googletest\src\gtest_main.cc
[==========] Running 19 tests from 1 test suite.
[----------] Global test environment set-up.
[----------] 19 tests from Util
[ RUN      ] Util.ABS
[       OK ] Util.ABS (0 ms)
[ RUN      ] Util.MIN
[       OK ] Util.MIN (0 ms)
[ RUN      ] Util.MAX
[       OK ] Util.MAX (0 ms)
[ RUN      ] Util.CLIP
[       OK ] Util.CLIP (0 ms)
[ RUN      ] Util.ABSFloat
[       OK ] Util.ABSFloat (0 ms)
[ RUN      ] Util.MINFloat
[       OK ] Util.MINFloat (0 ms)
[ RUN      ] Util.MAXFloat
[       OK ] Util.MAXFloat (0 ms)
[ RUN      ] Util.ABSDouble
[       OK ] Util.ABSDouble (0 ms)
[ RUN      ] Util.MINDouble
[       OK ] Util.MINDouble (0 ms)
[ RUN      ] Util.MAXDouble
[       OK ] Util.MAXDouble (0 ms)
[ RUN      ] Util.ISPOWER2
[       OK ] Util.ISPOWER2 (0 ms)
[ RUN      ] Util.NEXTPOWER2
[       OK ] Util.NEXTPOWER2 (0 ms)
[ RUN      ] Util.ARRAYSIZE
[       OK ] Util.ARRAYSIZE (0 ms)
[ RUN      ] Util.convertIEEEFloatToFloat
[       OK ] Util.convertIEEEFloatToFloat (0 ms)
[ RUN      ] Util.convertIEEEDoubleToDouble
[       OK ] Util.convertIEEEDoubleToDouble (0 ms)
[ RUN      ] Util.convertIEEEFloatFromFloat
[       OK ] Util.convertIEEEFloatFromFloat (0 ms)
[ RUN      ] Util.convertIEEEDoubleFromDouble
[       OK ] Util.convertIEEEDoubleFromDouble (0 ms)
[ RUN      ] Util.readIEEEFloat16
[       OK ] Util.readIEEEFloat16 (0 ms)
[ RUN      ] Util.readNintendoFixedPoint
[       OK ] Util.readNintendoFixedPoint (0 ms)
[----------] 19 tests from Util (0 ms total)

[----------] Global test environment tear-down
[==========] 19 tests from 1 test suite ran. (0 ms total)
[  PASSED  ] 19 tests.
<end of output>
Test time =   0.02 sec
----------------------------------------------------------
Test Passed.
"tests_common_test_util" end time: Apr 06 13:23 Eastern Daylight Time
"tests_common_test_util" time elapsed: 00:00:00
----------------------------------------------------------

3/96 Testing: tests_common_test_disposableptr
3/96 Test: tests_common_test_disposableptr
Command: "D:/Games/Astryx/build-new/bin/Debug/tests_common_test_disposableptr.exe"
Directory: D:/Games/Astryx/build-new
"tests_common_test_disposableptr" start time: Apr 06 13:23 Eastern Daylight Time
Output:
----------------------------------------------------------
Running main() from gtest_main.cc
Running main() from D:\Games\Astryx\tests\googletest\src\gtest_main.cc
[==========] Running 17 tests from 2 test suites.
[----------] Global test environment set-up.
[----------] 9 tests from DisposablePtr
[ RUN      ] DisposablePtr.createAndDestroy
[       OK ] DisposablePtr.createAndDestroy (0 ms)
[ RUN      ] DisposablePtr.reset
[       OK ] DisposablePtr.reset (0 ms)
[ RUN      ] DisposablePtr.castBool
[       OK ] DisposablePtr.castBool (0 ms)
[ RUN      ] DisposablePtr.get
[       OK ] DisposablePtr.get (0 ms)
[ RUN      ] DisposablePtr.operatorDeref
[       OK ] DisposablePtr.operatorDeref (0 ms)
[ RUN      ] DisposablePtr.operatorMemberAccess
[       OK ] DisposablePtr.operatorMemberAccess (0 ms)
[ RUN      ] DisposablePtr.dontDispose
[       OK ] DisposablePtr.dontDispose (0 ms)
[ RUN      ] DisposablePtr.unconditionalDispose
[       OK ] DisposablePtr.unconditionalDispose (0 ms)
[ RUN      ] DisposablePtr.setDisposable
[       OK ] DisposablePtr.setDisposable (0 ms)
[----------] 9 tests from DisposablePtr (0 ms total)

[----------] 8 tests from DisposableArray
[ RUN      ] DisposableArray.createAndDestroy
[       OK ] DisposableArray.createAndDestroy (0 ms)
[ RUN      ] DisposableArray.reset
[       OK ] DisposableArray.reset (0 ms)
[ RUN      ] DisposableArray.castBool
[       OK ] DisposableArray.castBool (0 ms)
[ RUN      ] DisposableArray.get
[       OK ] DisposableArray.get (0 ms)
[ RUN      ] DisposableArray.operatorMemberAccess
[       OK ] DisposableArray.operatorMemberAccess (0 ms)
[ RUN      ] DisposableArray.dontDispose
[       OK ] DisposableArray.dontDispose (0 ms)
[ RUN      ] DisposableArray.unconditionalDispose
[       OK ] DisposableArray.unconditionalDispose (0 ms)
[ RUN      ] DisposableArray.setDisposable
[       OK ] DisposableArray.setDisposable (0 ms)
[----------] 8 tests from DisposableArray (0 ms total)

[----------] Global test environment tear-down
[==========] 17 tests from 2 test suites ran. (0 ms total)
[  PASSED  ] 17 tests.
<end of output>
Test time =   0.02 sec
----------------------------------------------------------
Test Passed.
"tests_common_test_disposableptr" end time: Apr 06 13:23 Eastern Daylight Time
"tests_common_test_disposableptr" time elapsed: 00:00:00
----------------------------------------------------------

4/96 Testing: tests_common_test_ustring
4/96 Test: tests_common_test_ustring
Command: "D:/Games/Astryx/build-new/bin/Debug/tests_common_test_ustring.exe"
Directory: D:/Games/Astryx/build-new
"tests_common_test_ustring" start time: Apr 06 13:23 Eastern Daylight Time
Output:
----------------------------------------------------------
Running main() from gtest_main.cc
Running main() from D:\Games\Astryx\tests\googletest\src\gtest_main.cc
[==========] Running 37 tests from 1 test suite.
[----------] Global test environment set-up.
[----------] 37 tests from UString
[ RUN      ] UString.constructorDefault
[       OK ] UString.constructorDefault (0 ms)
[ RUN      ] UString.constructorCString
[       OK ] UString.constructorCString (0 ms)
[ RUN      ] UString.constructorCopy
[       OK ] UString.constructorCopy (0 ms)
[ RUN      ] UString.constructorCopyLength
[       OK ] UString.constructorCopyLength (0 ms)
[ RUN      ] UString.constructorNCopies
[       OK ] UString.constructorNCopies (0 ms)
[ RUN      ] UString.constructorCopyIterators
[       OK ] UString.constructorCopyIterators (0 ms)
[ RUN      ] UString.iteratorsASCII
[       OK ] UString.iteratorsASCII (0 ms)
[ RUN      ] UString.iteratorsUTF8
[       OK ] UString.iteratorsUTF8 (0 ms)
[ RUN      ] UString.caseInsensitiveASCII
[       OK ] UString.caseInsensitiveASCII (0 ms)
[ RUN      ] UString.caseInsensitiveUTF8
[       OK ] UString.caseInsensitiveUTF8 (0 ms)
[ RUN      ] UString.clear
[       OK ] UString.clear (0 ms)
[ RUN      ] UString.swap
[       OK ] UString.swap (0 ms)
[ RUN      ] UString.findFirstChar
[       OK ] UString.findFirstChar (0 ms)
[ RUN      ] UString.findFirstStr
[       OK ] UString.findFirstStr (0 ms)
[ RUN      ] UString.findLastChar
[       OK ] UString.findLastChar (0 ms)
[ RUN      ] UString.beginsWith
[       OK ] UString.beginsWith (0 ms)
[ RUN      ] UString.endsWith
[       OK ] UString.endsWith (0 ms)
[ RUN      ] UString.containsChar
[       OK ] UString.containsChar (0 ms)
[ RUN      ] UString.containsString
[       OK ] UString.containsString (0 ms)
[ RUN      ] UString.truncateInt
[       OK ] UString.truncateInt (0 ms)
[ RUN      ] UString.truncateIterator
[       OK ] UString.truncateIterator (0 ms)
[ RUN      ] UString.trim
[       OK ] UString.trim (0 ms)
[ RUN      ] UString.replaceAllChars
[       OK ] UString.replaceAllChars (0 ms)
[ RUN      ] UString.replaceAllSubstrings
[       OK ] UString.replaceAllSubstrings (0 ms)
[ RUN      ] UString.upper
[       OK ] UString.upper (0 ms)
[ RUN      ] UString.lower
[       OK ] UString.lower (0 ms)
[ RUN      ] UString.position
[       OK ] UString.position (0 ms)
[ RUN      ] UString.insertChar
[       OK ] UString.insertChar (0 ms)
[ RUN      ] UString.insertString
[       OK ] UString.insertString (0 ms)
[ RUN      ] UString.replaceChar
[       OK ] UString.replaceChar (0 ms)
[ RUN      ] UString.replaceString
[       OK ] UString.replaceString (0 ms)
[ RUN      ] UString.erase
[       OK ] UString.erase (0 ms)
[ RUN      ] UString.split
[       OK ] UString.split (0 ms)
[ RUN      ] UString.substr
[       OK ] UString.substr (0 ms)
[ RUN      ] UString.splitVector
[       OK ] UString.splitVector (0 ms)
[ RUN      ] UString.splitTextTokens
[       OK ] UString.splitTextTokens (0 ms)
[ RUN      ] UString.append
[       OK ] UString.append (0 ms)
[----------] 37 tests from UString (1 ms total)

[----------] Global test environment tear-down
[==========] 37 tests from 1 test suite ran. (2 ms total)
[  PASSED  ] 37 tests.
<end of output>
Test time =   0.02 sec
----------------------------------------------------------
Test Passed.
"tests_common_test_ustring" end time: Apr 06 13:23 Eastern Daylight Time
"tests_common_test_ustring" time elapsed: 00:00:00
----------------------------------------------------------

5/96 Testing: tests_common_test_strutil
5/96 Test: tests_common_test_strutil
Command: "D:/Games/Astryx/build-new/bin/Debug/tests_common_test_strutil.exe"
Directory: D:/Games/Astryx/build-new
"tests_common_test_strutil" start time: Apr 06 13:23 Eastern Daylight Time
Output:
----------------------------------------------------------
Running main() from gtest_main.cc
Running main() from D:\Games\Astryx\tests\googletest\src\gtest_main.cc
[==========] Running 25 tests from 1 test suite.
[----------] Global test environment set-up.
[----------] 25 tests from StrUtil
[ RUN      ] StrUtil.composeBool
[       OK ] StrUtil.composeBool (0 ms)
[ RUN      ] StrUtil.composeInt8
[       OK ] StrUtil.composeInt8 (0 ms)
[ RUN      ] StrUtil.composeInt16
[       OK ] StrUtil.composeInt16 (0 ms)
[ RUN      ] StrUtil.composeInt32
[       OK ] StrUtil.composeInt32 (0 ms)
[ RUN      ] StrUtil.composeInt64
[       OK ] StrUtil.composeInt64 (0 ms)
[ RUN      ] StrUtil.composeUInt8
[       OK ] StrUtil.composeUInt8 (0 ms)
[ RUN      ] StrUtil.composeUInt16
[       OK ] StrUtil.composeUInt16 (0 ms)
[ RUN      ] StrUtil.composeUInt32
[       OK ] StrUtil.composeUInt32 (0 ms)
[ RUN      ] StrUtil.composeUInt64
[       OK ] StrUtil.composeUInt64 (0 ms)
[ RUN      ] StrUtil.composeSizeT
[       OK ] StrUtil.composeSizeT (0 ms)
[ RUN      ] StrUtil.composeFloat
[       OK ] StrUtil.composeFloat (0 ms)
[ RUN      ] StrUtil.composeDouble
[       OK ] StrUtil.composeDouble (0 ms)
[ RUN      ] StrUtil.parseBool
[       OK ] StrUtil.parseBool (0 ms)
[ RUN      ] StrUtil.parseInt8
[       OK ] StrUtil.parseInt8 (0 ms)
[ RUN      ] StrUtil.parseInt16
[       OK ] StrUtil.parseInt16 (0 ms)
[ RUN      ] StrUtil.parseInt32
[       OK ] StrUtil.parseInt32 (0 ms)
[ RUN      ] StrUtil.parseInt64
[       OK ] StrUtil.parseInt64 (0 ms)
[ RUN      ] StrUtil.parseUInt8
[       OK ] StrUtil.parseUInt8 (0 ms)
[ RUN      ] StrUtil.parseUInt16
[       OK ] StrUtil.parseUInt16 (0 ms)
[ RUN      ] StrUtil.parseUInt32
[       OK ] StrUtil.parseUInt32 (0 ms)
[ RUN      ] StrUtil.parseUInt64
[       OK ] StrUtil.parseUInt64 (0 ms)
[ RUN      ] StrUtil.parseSizeT
[       OK ] StrUtil.parseSizeT (0 ms)
[ RUN      ] StrUtil.parseFloat
[       OK ] StrUtil.parseFloat (0 ms)
[ RUN      ] StrUtil.parseDouble
[       OK ] StrUtil.parseDouble (0 ms)
[ RUN      ] StrUtil.searchBackwards
[       OK ] StrUtil.searchBackwards (0 ms)
[----------] 25 tests from StrUtil (1 ms total)

[----------] Global test environment tear-down
[==========] 25 tests from 1 test suite ran. (1 ms total)
[  PASSED  ] 25 tests.
<end of output>
Test time =   0.03 sec
----------------------------------------------------------
Test Passed.
"tests_common_test_strutil" end time: Apr 06 13:23 Eastern Daylight Time
"tests_common_test_strutil" time elapsed: 00:00:00
----------------------------------------------------------

6/96 Testing: tests_common_test_binsearch
6/96 Test: tests_common_test_binsearch
Command: "D:/Games/Astryx/build-new/bin/Debug/tests_common_test_binsearch.exe"
Directory: D:/Games/Astryx/build-new
"tests_common_test_binsearch" start time: Apr 06 13:23 Eastern Daylight Time
Output:
----------------------------------------------------------
Running main() from gtest_main.cc
Running main() from D:\Games\Astryx\tests\googletest\src\gtest_main.cc
[==========] Running 2 tests from 1 test suite.
[----------] Global test environment set-up.
[----------] 2 tests from BinSearch
[ RUN      ] BinSearch.positive
[       OK ] BinSearch.positive (0 ms)
[ RUN      ] BinSearch.negative
[       OK ] BinSearch.negative (0 ms)
[----------] 2 tests from BinSearch (0 ms total)

[----------] Global test environment tear-down
[==========] 2 tests from 1 test suite ran. (0 ms total)
[  PASSED  ] 2 tests.
<end of output>
Test time =   0.03 sec
----------------------------------------------------------
Test Passed.
"tests_common_test_binsearch" end time: Apr 06 13:23 Eastern Daylight Time
"tests_common_test_binsearch" time elapsed: 00:00:00
----------------------------------------------------------

7/96 Testing: tests_common_test_datetime
7/96 Test: tests_common_test_datetime
Command: "D:/Games/Astryx/build-new/bin/Debug/tests_common_test_datetime.exe"
Directory: D:/Games/Astryx/build-new
"tests_common_test_datetime" start time: Apr 06 13:23 Eastern Daylight Time
Output:
----------------------------------------------------------
Running main() from gtest_main.cc
Running main() from D:\Games\Astryx\tests\googletest\src\gtest_main.cc
[==========] Running 3 tests from 1 test suite.
[----------] Global test environment set-up.
[----------] 3 tests from DateTime
[ RUN      ] DateTime.invalid
[       OK ] DateTime.invalid (0 ms)
[ RUN      ] DateTime.valid
[       OK ] DateTime.valid (0 ms)
[ RUN      ] DateTime.format
[       OK ] DateTime.format (0 ms)
[----------] 3 tests from DateTime (0 ms total)

[----------] Global test environment tear-down
[==========] 3 tests from 1 test suite ran. (0 ms total)
[  PASSED  ] 3 tests.
<end of output>
Test time =   0.03 sec
----------------------------------------------------------
Test Passed.
"tests_common_test_datetime" end time: Apr 06 13:23 Eastern Daylight Time
"tests_common_test_datetime" time elapsed: 00:00:00
----------------------------------------------------------

8/96 Testing: tests_common_test_memreadstream
8/96 Test: tests_common_test_memreadstream
Command: "D:/Games/Astryx/build-new/bin/Debug/tests_common_test_memreadstream.exe"
Directory: D:/Games/Astryx/build-new
"tests_common_test_memreadstream" start time: Apr 06 13:23 Eastern Daylight Time
Output:
----------------------------------------------------------
Running main() from gtest_main.cc
Running main() from D:\Games\Astryx\tests\googletest\src\gtest_main.cc
[==========] Running 30 tests from 5 test suites.
[----------] Global test environment set-up.
[----------] 24 tests from MemoryReadStream
[ RUN      ] MemoryReadStream.size
[       OK ] MemoryReadStream.size (0 ms)
[ RUN      ] MemoryReadStream.seek
[       OK ] MemoryReadStream.seek (0 ms)
[ RUN      ] MemoryReadStream.getData
[       OK ] MemoryReadStream.getData (0 ms)
[ RUN      ] MemoryReadStream.read
[       OK ] MemoryReadStream.read (0 ms)
[ RUN      ] MemoryReadStream.readStream
[       OK ] MemoryReadStream.readStream (0 ms)
[ RUN      ] MemoryReadStream.readChar
[       OK ] MemoryReadStream.readChar (0 ms)
[ RUN      ] MemoryReadStream.readByte
[       OK ] MemoryReadStream.readByte (0 ms)
[ RUN      ] MemoryReadStream.readSByte
[       OK ] MemoryReadStream.readSByte (0 ms)
[ RUN      ] MemoryReadStream.readUint16LE
[       OK ] MemoryReadStream.readUint16LE (0 ms)
[ RUN      ] MemoryReadStream.readSint16LE
[       OK ] MemoryReadStream.readSint16LE (0 ms)
[ RUN      ] MemoryReadStream.readUint16BE
[       OK ] MemoryReadStream.readUint16BE (0 ms)
[ RUN      ] MemoryReadStream.readSint16BE
[       OK ] MemoryReadStream.readSint16BE (0 ms)
[ RUN      ] MemoryReadStream.readUint32LE
[       OK ] MemoryReadStream.readUint32LE (0 ms)
[ RUN      ] MemoryReadStream.readSint32LE
[       OK ] MemoryReadStream.readSint32LE (0 ms)
[ RUN      ] MemoryReadStream.readUint32BE
[       OK ] MemoryReadStream.readUint32BE (0 ms)
[ RUN      ] MemoryReadStream.readSint32BE
[       OK ] MemoryReadStream.readSint32BE (0 ms)
[ RUN      ] MemoryReadStream.readUint64LE
[       OK ] MemoryReadStream.readUint64LE (0 ms)
[ RUN      ] MemoryReadStream.readSint64LE
[       OK ] MemoryReadStream.readSint64LE (0 ms)
[ RUN      ] MemoryReadStream.readUint64BE
[       OK ] MemoryReadStream.readUint64BE (0 ms)
[ RUN      ] MemoryReadStream.readSint64BE
[       OK ] MemoryReadStream.readSint64BE (0 ms)
[ RUN      ] MemoryReadStream.readIEEEFloatLE
[       OK ] MemoryReadStream.readIEEEFloatLE (0 ms)
[ RUN      ] MemoryReadStream.readIEEEFloatBE
[       OK ] MemoryReadStream.readIEEEFloatBE (0 ms)
[ RUN      ] MemoryReadStream.readIEEEDoubleLE
[       OK ] MemoryReadStream.readIEEEDoubleLE (0 ms)
[ RUN      ] MemoryReadStream.readIEEEDoubleBE
[       OK ] MemoryReadStream.readIEEEDoubleBE (0 ms)
[----------] 24 tests from MemoryReadStream (0 ms total)

[----------] 2 tests from MemoryReadStreamEndian
[ RUN      ] MemoryReadStreamEndian.streamEndianLE
[       OK ] MemoryReadStreamEndian.streamEndianLE (0 ms)
[ RUN      ] MemoryReadStreamEndian.streamEndianBE
[       OK ] MemoryReadStreamEndian.streamEndianBE (0 ms)
[----------] 2 tests from MemoryReadStreamEndian (0 ms total)

[----------] 1 test from SubReadStream
[ RUN      ] SubReadStream.fromMem
[       OK ] SubReadStream.fromMem (0 ms)
[----------] 1 test from SubReadStream (0 ms total)

[----------] 1 test from SeekableSubReadStream
[ RUN      ] SeekableSubReadStream.fromMem
[       OK ] SeekableSubReadStream.fromMem (0 ms)
[----------] 1 test from SeekableSubReadStream (0 ms total)

[----------] 2 tests from SeekableSubReadStreamEndian
[ RUN      ] SeekableSubReadStreamEndian.streamEndianLE
[       OK ] SeekableSubReadStreamEndian.streamEndianLE (0 ms)
[ RUN      ] SeekableSubReadStreamEndian.streamEndianBE
[       OK ] SeekableSubReadStreamEndian.streamEndianBE (0 ms)
[----------] 2 tests from SeekableSubReadStreamEndian (0 ms total)

[----------] Global test environment tear-down
[==========] 30 tests from 5 test suites ran. (1 ms total)
[  PASSED  ] 30 tests.
<end of output>
Test time =   0.03 sec
----------------------------------------------------------
Test Passed.
"tests_common_test_memreadstream" end time: Apr 06 13:23 Eastern Daylight Time
"tests_common_test_memreadstream" time elapsed: 00:00:00
----------------------------------------------------------

9/96 Testing: tests_common_test_memwritestream
9/96 Test: tests_common_test_memwritestream
Command: "D:/Games/Astryx/build-new/bin/Debug/tests_common_test_memwritestream.exe"
Directory: D:/Games/Astryx/build-new
"tests_common_test_memwritestream" start time: Apr 06 13:23 Eastern Daylight Time
Output:
----------------------------------------------------------
Running main() from gtest_main.cc
Running main() from D:\Games\Astryx\tests\googletest\src\gtest_main.cc
[==========] Running 27 tests from 2 test suites.
[----------] Global test environment set-up.
[----------] 24 tests from MemoryWriteStream
[ RUN      ] MemoryWriteStream.write
[       OK ] MemoryWriteStream.write (0 ms)
[ RUN      ] MemoryWriteStream.writeStream
[       OK ] MemoryWriteStream.writeStream (0 ms)
[ RUN      ] MemoryWriteStream.writeByte
[       OK ] MemoryWriteStream.writeByte (0 ms)
[ RUN      ] MemoryWriteStream.writeSByte
[       OK ] MemoryWriteStream.writeSByte (0 ms)
[ RUN      ] MemoryWriteStream.writeUint16LE
[       OK ] MemoryWriteStream.writeUint16LE (0 ms)
[ RUN      ] MemoryWriteStream.writeSint16LE
[       OK ] MemoryWriteStream.writeSint16LE (0 ms)
[ RUN      ] MemoryWriteStream.writeUint16BE
[       OK ] MemoryWriteStream.writeUint16BE (0 ms)
[ RUN      ] MemoryWriteStream.writeSint16BE
[       OK ] MemoryWriteStream.writeSint16BE (0 ms)
[ RUN      ] MemoryWriteStream.writeUint32LE
[       OK ] MemoryWriteStream.writeUint32LE (0 ms)
[ RUN      ] MemoryWriteStream.writeSint32LE
[       OK ] MemoryWriteStream.writeSint32LE (0 ms)
[ RUN      ] MemoryWriteStream.writeUint32BE
[       OK ] MemoryWriteStream.writeUint32BE (0 ms)
[ RUN      ] MemoryWriteStream.writeSint32BE
[       OK ] MemoryWriteStream.writeSint32BE (0 ms)
[ RUN      ] MemoryWriteStream.writeUint64LE
[       OK ] MemoryWriteStream.writeUint64LE (0 ms)
[ RUN      ] MemoryWriteStream.writeSint64LE
[       OK ] MemoryWriteStream.writeSint64LE (0 ms)
[ RUN      ] MemoryWriteStream.writeUint64BE
[       OK ] MemoryWriteStream.writeUint64BE (0 ms)
[ RUN      ] MemoryWriteStream.writeSint64BE
[       OK ] MemoryWriteStream.writeSint64BE (0 ms)
[ RUN      ] MemoryWriteStream.writeIEEEFloatLE
[       OK ] MemoryWriteStream.writeIEEEFloatLE (0 ms)
[ RUN      ] MemoryWriteStream.writeIEEEFloatBE
[       OK ] MemoryWriteStream.writeIEEEFloatBE (0 ms)
[ RUN      ] MemoryWriteStream.writeIEEEDoubleLE
[       OK ] MemoryWriteStream.writeIEEEDoubleLE (0 ms)
[ RUN      ] MemoryWriteStream.writeIEEEDoubleBE
[       OK ] MemoryWriteStream.writeIEEEDoubleBE (0 ms)
[ RUN      ] MemoryWriteStream.writeString
[       OK ] MemoryWriteStream.writeString (0 ms)
[ RUN      ] MemoryWriteStream.seek
[       OK ] MemoryWriteStream.seek (0 ms)
[ RUN      ] MemoryWriteStream.size
[       OK ] MemoryWriteStream.size (0 ms)
[ RUN      ] MemoryWriteStream.writeBytes
[       OK ] MemoryWriteStream.writeBytes (0 ms)
[----------] 24 tests from MemoryWriteStream (0 ms total)

[----------] 3 tests from MemoryWriteStreamDynamic
[ RUN      ] MemoryWriteStreamDynamic.write
[       OK ] MemoryWriteStreamDynamic.write (0 ms)
[ RUN      ] MemoryWriteStreamDynamic.seek
[       OK ] MemoryWriteStreamDynamic.seek (0 ms)
[ RUN      ] MemoryWriteStreamDynamic.size
[       OK ] MemoryWriteStreamDynamic.size (0 ms)
[----------] 3 tests from MemoryWriteStreamDynamic (0 ms total)

[----------] Global test environment tear-down
[==========] 27 tests from 2 test suites ran. (1 ms total)
[  PASSED  ] 27 tests.
<end of output>
Test time =   0.03 sec
----------------------------------------------------------
Test Passed.
"tests_common_test_memwritestream" end time: Apr 06 13:23 Eastern Daylight Time
"tests_common_test_memwritestream" time elapsed: 00:00:00
----------------------------------------------------------

10/96 Testing: tests_common_test_readfile
10/96 Test: tests_common_test_readfile
Command: "D:/Games/Astryx/build-new/bin/Debug/tests_common_test_readfile.exe"
Directory: D:/Games/Astryx/build-new
"tests_common_test_readfile" start time: Apr 06 13:23 Eastern Daylight Time
Output:
----------------------------------------------------------
Running main() from gtest_main.cc
Running main() from D:\Games\Astryx\tests\googletest\src\gtest_main.cc
[==========] Running 1 test from 1 test suite.
[----------] Global test environment set-up.
[----------] 1 test from ReadFile
[ RUN      ] ReadFile.write
[       OK ] ReadFile.write (1 ms)
[----------] 1 test from ReadFile (1 ms total)

[----------] Global test environment tear-down
[==========] 1 test from 1 test suite ran. (17 ms total)
[  PASSED  ] 1 test.
<end of output>
Test time =   0.04 sec
----------------------------------------------------------
Test Passed.
"tests_common_test_readfile" end time: Apr 06 13:23 Eastern Daylight Time
"tests_common_test_readfile" time elapsed: 00:00:00
----------------------------------------------------------

11/96 Testing: tests_common_test_writefile
11/96 Test: tests_common_test_writefile
Command: "D:/Games/Astryx/build-new/bin/Debug/tests_common_test_writefile.exe"
Directory: D:/Games/Astryx/build-new
"tests_common_test_writefile" start time: Apr 06 13:23 Eastern Daylight Time
Output:
----------------------------------------------------------
Running main() from gtest_main.cc
Running main() from D:\Games\Astryx\tests\googletest\src\gtest_main.cc
[==========] Running 3 tests from 1 test suite.
[----------] Global test environment set-up.
[----------] 3 tests from WriteFile
[ RUN      ] WriteFile.write
[       OK ] WriteFile.write (2 ms)
[ RUN      ] WriteFile.seek
[       OK ] WriteFile.seek (2 ms)
[ RUN      ] WriteFile.size
[       OK ] WriteFile.size (2 ms)
[----------] 3 tests from WriteFile (7 ms total)

[----------] Global test environment tear-down
[==========] 3 tests from 1 test suite ran. (23 ms total)
[  PASSED  ] 3 tests.
<end of output>
Test time =   0.05 sec
----------------------------------------------------------
Test Passed.
"tests_common_test_writefile" end time: Apr 06 13:23 Eastern Daylight Time
"tests_common_test_writefile" time elapsed: 00:00:00
----------------------------------------------------------

12/96 Testing: tests_common_test_bitstream
12/96 Test: tests_common_test_bitstream
Command: "D:/Games/Astryx/build-new/bin/Debug/tests_common_test_bitstream.exe"
Directory: D:/Games/Astryx/build-new
"tests_common_test_bitstream" start time: Apr 06 13:23 Eastern Daylight Time
Output:
----------------------------------------------------------
Running main() from gtest_main.cc
Running main() from D:\Games\Astryx\tests\googletest\src\gtest_main.cc
[==========] Running 15 tests from 1 test suite.
[----------] Global test environment set-up.
[----------] 15 tests from BitStream
[ RUN      ] BitStream.skip
[       OK ] BitStream.skip (0 ms)
[ RUN      ] BitStream.BitStream8MSB
[       OK ] BitStream.BitStream8MSB (0 ms)
[ RUN      ] BitStream.BitStream8LSB
[       OK ] BitStream.BitStream8LSB (0 ms)
[ RUN      ] BitStream.BitStream16LEMSB
[       OK ] BitStream.BitStream16LEMSB (0 ms)
[ RUN      ] BitStream.BitStream16LELSB
[       OK ] BitStream.BitStream16LELSB (0 ms)
[ RUN      ] BitStream.BitStream16BEMSB
[       OK ] BitStream.BitStream16BEMSB (0 ms)
[ RUN      ] BitStream.BitStream16BELSB
[       OK ] BitStream.BitStream16BELSB (0 ms)
[ RUN      ] BitStream.BitStream32LEMSB
[       OK ] BitStream.BitStream32LEMSB (0 ms)
[ RUN      ] BitStream.BitStream32LELSB
[       OK ] BitStream.BitStream32LELSB (0 ms)
[ RUN      ] BitStream.BitStream32BEMSB
[       OK ] BitStream.BitStream32BEMSB (0 ms)
[ RUN      ] BitStream.BitStream32BELSB
[       OK ] BitStream.BitStream32BELSB (0 ms)
[ RUN      ] BitStream.BitStream64LEMSB
[       OK ] BitStream.BitStream64LEMSB (0 ms)
[ RUN      ] BitStream.BitStream64LELSB
[       OK ] BitStream.BitStream64LELSB (0 ms)
[ RUN      ] BitStream.BitStream64BEMSB
[       OK ] BitStream.BitStream64BEMSB (0 ms)
[ RUN      ] BitStream.BitStream64BELSB
[       OK ] BitStream.BitStream64BELSB (0 ms)
[----------] 15 tests from BitStream (0 ms total)

[----------] Global test environment tear-down
[==========] 15 tests from 1 test suite ran. (0 ms total)
[  PASSED  ] 15 tests.
<end of output>
Test time =   0.14 sec
----------------------------------------------------------
Test Passed.
"tests_common_test_bitstream" end time: Apr 06 13:23 Eastern Daylight Time
"tests_common_test_bitstream" time elapsed: 00:00:00
----------------------------------------------------------

13/96 Testing: tests_common_test_bitstreamwriter
13/96 Test: tests_common_test_bitstreamwriter
Command: "D:/Games/Astryx/build-new/bin/Debug/tests_common_test_bitstreamwriter.exe"
Directory: D:/Games/Astryx/build-new
"tests_common_test_bitstreamwriter" start time: Apr 06 13:23 Eastern Daylight Time
Output:
----------------------------------------------------------
Running main() from gtest_main.cc
Running main() from D:\Games\Astryx\tests\googletest\src\gtest_main.cc
[==========] Running 14 tests from 1 test suite.
[----------] Global test environment set-up.
[----------] 14 tests from BitStreamWriter
[ RUN      ] BitStreamWriter.BitStreamWriter8MSB
[       OK ] BitStreamWriter.BitStreamWriter8MSB (0 ms)
[ RUN      ] BitStreamWriter.BitStreamWriter8LSB
[       OK ] BitStreamWriter.BitStreamWriter8LSB (0 ms)
[ RUN      ] BitStreamWriter.BitStreamWriter16LEMSB
[       OK ] BitStreamWriter.BitStreamWriter16LEMSB (0 ms)
[ RUN      ] BitStreamWriter.BitStreamWriter16LELSB
[       OK ] BitStreamWriter.BitStreamWriter16LELSB (0 ms)
[ RUN      ] BitStreamWriter.BitStreamWriter16BEMSB
[       OK ] BitStreamWriter.BitStreamWriter16BEMSB (0 ms)
[ RUN      ] BitStreamWriter.BitStreamWriter16BELSB
[       OK ] BitStreamWriter.BitStreamWriter16BELSB (0 ms)
[ RUN      ] BitStreamWriter.BitStreamWriter32LEMSB
[       OK ] BitStreamWriter.BitStreamWriter32LEMSB (0 ms)
[ RUN      ] BitStreamWriter.BitStreamWriter32LELSB
[       OK ] BitStreamWriter.BitStreamWriter32LELSB (0 ms)
[ RUN      ] BitStreamWriter.BitStreamWriter32BEMSB
[       OK ] BitStreamWriter.BitStreamWriter32BEMSB (0 ms)
[ RUN      ] BitStreamWriter.BitStreamWriter32BELSB
[       OK ] BitStreamWriter.BitStreamWriter32BELSB (0 ms)
[ RUN      ] BitStreamWriter.BitStreamWriter64LEMSB
[       OK ] BitStreamWriter.BitStreamWriter64LEMSB (0 ms)
[ RUN      ] BitStreamWriter.BitStreamWriter64LELSB
[       OK ] BitStreamWriter.BitStreamWriter64LELSB (0 ms)
[ RUN      ] BitStreamWriter.BitStreamWriter64BEMSB
[       OK ] BitStreamWriter.BitStreamWriter64BEMSB (0 ms)
[ RUN      ] BitStreamWriter.BitStreamWriter64BELSB
[       OK ] BitStreamWriter.BitStreamWriter64BELSB (0 ms)
[----------] 14 tests from BitStreamWriter (0 ms total)

[----------] Global test environment tear-down
[==========] 14 tests from 1 test suite ran. (0 ms total)
[  PASSED  ] 14 tests.
<end of output>
Test time =   0.03 sec
----------------------------------------------------------
Test Passed.
"tests_common_test_bitstreamwriter" end time: Apr 06 13:23 Eastern Daylight Time
"tests_common_test_bitstreamwriter" time elapsed: 00:00:00
----------------------------------------------------------

14/96 Testing: tests_common_test_huffman
14/96 Test: tests_common_test_huffman
Command: "D:/Games/Astryx/build-new/bin/Debug/tests_common_test_huffman.exe"
Directory: D:/Games/Astryx/build-new
"tests_common_test_huffman" start time: Apr 06 13:23 Eastern Daylight Time
Output:
----------------------------------------------------------
Running main() from gtest_main.cc
Running main() from D:\Games\Astryx\tests\googletest\src\gtest_main.cc
[==========] Running 6 tests from 1 test suite.
[----------] Global test environment set-up.
[----------] 6 tests from Huffman
[ RUN      ] Huffman.getSymbolSymbols
[       OK ] Huffman.getSymbolSymbols (0 ms)
[ RUN      ] Huffman.getSymbolCodes
[       OK ] Huffman.getSymbolCodes (0 ms)
[ RUN      ] Huffman.eos
[       OK ] Huffman.eos (0 ms)
[ RUN      ] Huffman.searchMaxLength
[       OK ] Huffman.searchMaxLength (0 ms)
[ RUN      ] Huffman.setSymbols
[       OK ] Huffman.setSymbols (0 ms)
[ RUN      ] Huffman.invalidSymbol
[       OK ] Huffman.invalidSymbol (0 ms)
[----------] 6 tests from Huffman (0 ms total)

[----------] Global test environment tear-down
[==========] 6 tests from 1 test suite ran. (0 ms total)
[  PASSED  ] 6 tests.
<end of output>
Test time =   0.02 sec
----------------------------------------------------------
Test Passed.
"tests_common_test_huffman" end time: Apr 06 13:23 Eastern Daylight Time
"tests_common_test_huffman" time elapsed: 00:00:00
----------------------------------------------------------

15/96 Testing: tests_common_test_blowfish
15/96 Test: tests_common_test_blowfish
Command: "D:/Games/Astryx/build-new/bin/Debug/tests_common_test_blowfish.exe"
Directory: D:/Games/Astryx/build-new
"tests_common_test_blowfish" start time: Apr 06 13:23 Eastern Daylight Time
Output:
----------------------------------------------------------
Running main() from gtest_main.cc
Running main() from D:\Games\Astryx\tests\googletest\src\gtest_main.cc
[==========] Running 3 tests from 1 test suite.
[----------] Global test environment set-up.
[----------] 3 tests from Blowfish
[ RUN      ] Blowfish.encrypt
[       OK ] Blowfish.encrypt (0 ms)
[ RUN      ] Blowfish.decrypt
[       OK ] Blowfish.decrypt (0 ms)
[ RUN      ] Blowfish.misalign
[       OK ] Blowfish.misalign (0 ms)
[----------] 3 tests from Blowfish (0 ms total)

[----------] Global test environment tear-down
[==========] 3 tests from 1 test suite ran. (0 ms total)
[  PASSED  ] 3 tests.
<end of output>
Test time =   0.03 sec
----------------------------------------------------------
Test Passed.
"tests_common_test_blowfish" end time: Apr 06 13:23 Eastern Daylight Time
"tests_common_test_blowfish" time elapsed: 00:00:00
----------------------------------------------------------

16/96 Testing: tests_common_test_configfile
16/96 Test: tests_common_test_configfile
Command: "D:/Games/Astryx/build-new/bin/Debug/tests_common_test_configfile.exe"
Directory: D:/Games/Astryx/build-new
"tests_common_test_configfile" start time: Apr 06 13:23 Eastern Daylight Time
Output:
----------------------------------------------------------
Running main() from gtest_main.cc
Running main() from D:\Games\Astryx\tests\googletest\src\gtest_main.cc
[==========] Running 24 tests from 2 test suites.
[----------] Global test environment set-up.
[----------] 8 tests from ConfigFile
[ RUN      ] ConfigFile.isValidName
[       OK ] ConfigFile.isValidName (0 ms)
[ RUN      ] ConfigFile.parseFail
[       OK ] ConfigFile.parseFail (0 ms)
[ RUN      ] ConfigFile.hasDomain
[       OK ] ConfigFile.hasDomain (0 ms)
[ RUN      ] ConfigFile.clear
[       OK ] ConfigFile.clear (0 ms)
[ RUN      ] ConfigFile.renameDomain
[       OK ] ConfigFile.renameDomain (0 ms)
[ RUN      ] ConfigFile.removeDomain
[       OK ] ConfigFile.removeDomain (0 ms)
[ RUN      ] ConfigFile.addDomain
[       OK ] ConfigFile.addDomain (0 ms)
[ RUN      ] ConfigFile.create
[       OK ] ConfigFile.create (0 ms)
[----------] 8 tests from ConfigFile (2 ms total)

[----------] 16 tests from ConfigDomain
[ RUN      ] ConfigDomain.getName
[       OK ] ConfigDomain.getName (0 ms)
[ RUN      ] ConfigDomain.hasKey
[       OK ] ConfigDomain.hasKey (0 ms)
[ RUN      ] ConfigDomain.renameKey
[       OK ] ConfigDomain.renameKey (0 ms)
[ RUN      ] ConfigDomain.removeKey
[       OK ] ConfigDomain.removeKey (0 ms)
[ RUN      ] ConfigDomain.getString
[       OK ] ConfigDomain.getString (0 ms)
[ RUN      ] ConfigDomain.getBool
[       OK ] ConfigDomain.getBool (0 ms)
[ RUN      ] ConfigDomain.getInt
WARNING: Can't convert "string" to type of size 4
WARNING: Can't convert "true" to type of size 4
WARNING: Can't convert "false" to type of size 4
WARNING: Can't convert "0.5" to type of size 4
WARNING: Can't convert "need trimming" to type of size 4
[       OK ] ConfigDomain.getInt (1 ms)
[ RUN      ] ConfigDomain.getUint
WARNING: "-5" out of range for type of size 4
WARNING: Can't convert "string" to type of size 4
WARNING: Can't convert "true" to type of size 4
WARNING: Can't convert "false" to type of size 4
WARNING: Can't convert "0.5" to type of size 4
WARNING: Can't convert "need trimming" to type of size 4
[       OK ] ConfigDomain.getUint (0 ms)
[ RUN      ] ConfigDomain.getDouble
WARNING: Can't convert "string" to type of size 8
WARNING: Can't convert "true" to type of size 8
WARNING: Can't convert "false" to type of size 8
WARNING: Can't convert "need trimming" to type of size 8
[       OK ] ConfigDomain.getDouble (0 ms)
[ RUN      ] ConfigDomain.setString
[       OK ] ConfigDomain.setString (0 ms)
[ RUN      ] ConfigDomain.setBool
[       OK ] ConfigDomain.setBool (0 ms)
[ RUN      ] ConfigDomain.setInt
[       OK ] ConfigDomain.setInt (0 ms)
[ RUN      ] ConfigDomain.setUint
[       OK ] ConfigDomain.setUint (0 ms)
[ RUN      ] ConfigDomain.setDouble
[       OK ] ConfigDomain.setDouble (0 ms)
[ RUN      ] ConfigDomain.setNoClobber
[       OK ] ConfigDomain.setNoClobber (0 ms)
[ RUN      ] ConfigDomain.setClobber
[       OK ] ConfigDomain.setClobber (0 ms)
[----------] 16 tests from ConfigDomain (8 ms total)

[----------] Global test environment tear-down
[==========] 24 tests from 2 test suites ran. (12 ms total)
[  PASSED  ] 24 tests.
<end of output>
Test time =   0.04 sec
----------------------------------------------------------
Test Passed.
"tests_common_test_configfile" end time: Apr 06 13:23 Eastern Daylight Time
"tests_common_test_configfile" time elapsed: 00:00:00
----------------------------------------------------------

17/96 Testing: tests_common_test_configman
17/96 Test: tests_common_test_configman
Command: "D:/Games/Astryx/build-new/bin/Debug/tests_common_test_configman.exe"
Directory: D:/Games/Astryx/build-new
"tests_common_test_configman" start time: Apr 06 13:23 Eastern Daylight Time
Output:
----------------------------------------------------------
Running main() from gtest_main.cc
Running main() from D:\Games\Astryx\tests\googletest\src\gtest_main.cc
[==========] Running 11 tests from 1 test suite.
[----------] Global test environment set-up.
[----------] 11 tests from ConfigManager
[ RUN      ] ConfigManager.create
[       OK ] ConfigManager.create (0 ms)
[ RUN      ] ConfigManager.load
[       OK ] ConfigManager.load (0 ms)
[ RUN      ] ConfigManager.hasGame
[       OK ] ConfigManager.hasGame (4 ms)
[ RUN      ] ConfigManager.findGame
[       OK ] ConfigManager.findGame (0 ms)
[ RUN      ] ConfigManager.setGame
[       OK ] ConfigManager.setGame (0 ms)
[ RUN      ] ConfigManager.hasKey
[       OK ] ConfigManager.hasKey (0 ms)
[ RUN      ] ConfigManager.get
[       OK ] ConfigManager.get (0 ms)
[ RUN      ] ConfigManager.set
[       OK ] ConfigManager.set (0 ms)
[ RUN      ] ConfigManager.createGame
[       OK ] ConfigManager.createGame (1 ms)
[ RUN      ] ConfigManager.save
[       OK ] ConfigManager.save (0 ms)
[ RUN      ] ConfigManager.newSave
[       OK ] ConfigManager.newSave (1 ms)
[----------] 11 tests from ConfigManager (12 ms total)

[----------] Global test environment tear-down
[==========] 11 tests from 1 test suite ran. (12 ms total)
[  PASSED  ] 11 tests.
<end of output>
Test time =   0.04 sec
----------------------------------------------------------
Test Passed.
"tests_common_test_configman" end time: Apr 06 13:23 Eastern Daylight Time
"tests_common_test_configman" time elapsed: 00:00:00
----------------------------------------------------------

18/96 Testing: tests_common_test_encoding_ascii
18/96 Test: tests_common_test_encoding_ascii
Command: "D:/Games/Astryx/build-new/bin/Debug/tests_common_test_encoding_ascii.exe"
Directory: D:/Games/Astryx/build-new
"tests_common_test_encoding_ascii" start time: Apr 06 13:23 Eastern Daylight Time
Output:
----------------------------------------------------------
Running main() from gtest_main.cc
Running main() from D:\Games\Astryx\tests\googletest\src\gtest_main.cc
[==========] Running 9 tests from 1 test suite.
[----------] Global test environment set-up.
[----------] 9 tests from EncodingASCII
[ RUN      ] EncodingASCII.readString
[       OK ] EncodingASCII.readString (0 ms)
[ RUN      ] EncodingASCII.readStringFixed
[       OK ] EncodingASCII.readStringFixed (0 ms)
[ RUN      ] EncodingASCII.readStringLine
[       OK ] EncodingASCII.readStringLine (0 ms)
[ RUN      ] EncodingASCII.readStringBuf
[       OK ] EncodingASCII.readStringBuf (0 ms)
[ RUN      ] EncodingASCII.convertString
[       OK ] EncodingASCII.convertString (0 ms)
[ RUN      ] EncodingASCII.writeString
[       OK ] EncodingASCII.writeString (0 ms)
[ RUN      ] EncodingASCII.writeStringFixed
[       OK ] EncodingASCII.writeStringFixed (0 ms)
[ RUN      ] EncodingASCII.getBytesPerCodepoint
[       OK ] EncodingASCII.getBytesPerCodepoint (0 ms)
[ RUN      ] EncodingASCII.isValidCodePoint
[       OK ] EncodingASCII.isValidCodePoint (0 ms)
[----------] 9 tests from EncodingASCII (0 ms total)

[----------] Global test environment tear-down
[==========] 9 tests from 1 test suite ran. (0 ms total)
[  PASSED  ] 9 tests.
<end of output>
Test time =   0.03 sec
----------------------------------------------------------
Test Passed.
"tests_common_test_encoding_ascii" end time: Apr 06 13:23 Eastern Daylight Time
"tests_common_test_encoding_ascii" time elapsed: 00:00:00
----------------------------------------------------------

19/96 Testing: tests_common_test_encoding_utf8
19/96 Test: tests_common_test_encoding_utf8
Command: "D:/Games/Astryx/build-new/bin/Debug/tests_common_test_encoding_utf8.exe"
Directory: D:/Games/Astryx/build-new
"tests_common_test_encoding_utf8" start time: Apr 06 13:23 Eastern Daylight Time
Output:
----------------------------------------------------------
Running main() from gtest_main.cc
Running main() from D:\Games\Astryx\tests\googletest\src\gtest_main.cc
[==========] Running 9 tests from 1 test suite.
[----------] Global test environment set-up.
[----------] 9 tests from EncodingUTF8
[ RUN      ] EncodingUTF8.readString
[       OK ] EncodingUTF8.readString (0 ms)
[ RUN      ] EncodingUTF8.readStringFixed
[       OK ] EncodingUTF8.readStringFixed (0 ms)
[ RUN      ] EncodingUTF8.readStringLine
[       OK ] EncodingUTF8.readStringLine (0 ms)
[ RUN      ] EncodingUTF8.readStringBuf
[       OK ] EncodingUTF8.readStringBuf (0 ms)
[ RUN      ] EncodingUTF8.convertString
[       OK ] EncodingUTF8.convertString (0 ms)
[ RUN      ] EncodingUTF8.writeString
[       OK ] EncodingUTF8.writeString (0 ms)
[ RUN      ] EncodingUTF8.writeStringFixed
[       OK ] EncodingUTF8.writeStringFixed (0 ms)
[ RUN      ] EncodingUTF8.getBytesPerCodepoint
[       OK ] EncodingUTF8.getBytesPerCodepoint (0 ms)
[ RUN      ] EncodingUTF8.isValidCodePoint
[       OK ] EncodingUTF8.isValidCodePoint (0 ms)
[----------] 9 tests from EncodingUTF8 (0 ms total)

[----------] Global test environment tear-down
[==========] 9 tests from 1 test suite ran. (0 ms total)
[  PASSED  ] 9 tests.
<end of output>
Test time =   0.13 sec
----------------------------------------------------------
Test Passed.
"tests_common_test_encoding_utf8" end time: Apr 06 13:23 Eastern Daylight Time
"tests_common_test_encoding_utf8" time elapsed: 00:00:00
----------------------------------------------------------

20/96 Testing: tests_common_test_encoding_utf16le
20/96 Test: tests_common_test_encoding_utf16le
Command: "D:/Games/Astryx/build-new/bin/Debug/tests_common_test_encoding_utf16le.exe"
Directory: D:/Games/Astryx/build-new
"tests_common_test_encoding_utf16le" start time: Apr 06 13:23 Eastern Daylight Time
Output:
----------------------------------------------------------
Running main() from gtest_main.cc
Running main() from D:\Games\Astryx\tests\googletest\src\gtest_main.cc
[==========] Running 9 tests from 1 test suite.
[----------] Global test environment set-up.
[----------] 9 tests from EncodingUTF16LE
[ RUN      ] EncodingUTF16LE.readString
[       OK ] EncodingUTF16LE.readString (0 ms)
[ RUN      ] EncodingUTF16LE.readStringFixed
[       OK ] EncodingUTF16LE.readStringFixed (0 ms)
[ RUN      ] EncodingUTF16LE.readStringLine
[       OK ] EncodingUTF16LE.readStringLine (0 ms)
[ RUN      ] EncodingUTF16LE.readStringBuf
[       OK ] EncodingUTF16LE.readStringBuf (0 ms)
[ RUN      ] EncodingUTF16LE.convertString
[       OK ] EncodingUTF16LE.convertString (0 ms)
[ RUN      ] EncodingUTF16LE.writeString
[       OK ] EncodingUTF16LE.writeString (0 ms)
[ RUN      ] EncodingUTF16LE.writeStringFixed
[       OK ] EncodingUTF16LE.writeStringFixed (0 ms)
[ RUN      ] EncodingUTF16LE.getBytesPerCodepoint
[       OK ] EncodingUTF16LE.getBytesPerCodepoint (0 ms)
[ RUN      ] EncodingUTF16LE.isValidCodePoint
[       OK ] EncodingUTF16LE.isValidCodePoint (0 ms)
[----------] 9 tests from EncodingUTF16LE (0 ms total)

[----------] Global test environment tear-down
[==========] 9 tests from 1 test suite ran. (0 ms total)
[  PASSED  ] 9 tests.
<end of output>
Test time =   0.02 sec
----------------------------------------------------------
Test Passed.
"tests_common_test_encoding_utf16le" end time: Apr 06 13:23 Eastern Daylight Time
"tests_common_test_encoding_utf16le" time elapsed: 00:00:00
----------------------------------------------------------

21/96 Testing: tests_common_test_encoding_utf16be
21/96 Test: tests_common_test_encoding_utf16be
Command: "D:/Games/Astryx/build-new/bin/Debug/tests_common_test_encoding_utf16be.exe"
Directory: D:/Games/Astryx/build-new
"tests_common_test_encoding_utf16be" start time: Apr 06 13:23 Eastern Daylight Time
Output:
----------------------------------------------------------
Running main() from gtest_main.cc
Running main() from D:\Games\Astryx\tests\googletest\src\gtest_main.cc
[==========] Running 9 tests from 1 test suite.
[----------] Global test environment set-up.
[----------] 9 tests from EncodingUTF16BE
[ RUN      ] EncodingUTF16BE.readString
[       OK ] EncodingUTF16BE.readString (0 ms)
[ RUN      ] EncodingUTF16BE.readStringFixed
[       OK ] EncodingUTF16BE.readStringFixed (0 ms)
[ RUN      ] EncodingUTF16BE.readStringLine
[       OK ] EncodingUTF16BE.readStringLine (0 ms)
[ RUN      ] EncodingUTF16BE.readStringBuf
[       OK ] EncodingUTF16BE.readStringBuf (0 ms)
[ RUN      ] EncodingUTF16BE.convertString
[       OK ] EncodingUTF16BE.convertString (0 ms)
[ RUN      ] EncodingUTF16BE.writeString
[       OK ] EncodingUTF16BE.writeString (0 ms)
[ RUN      ] EncodingUTF16BE.writeStringFixed
[       OK ] EncodingUTF16BE.writeStringFixed (0 ms)
[ RUN      ] EncodingUTF16BE.getBytesPerCodepoint
[       OK ] EncodingUTF16BE.getBytesPerCodepoint (0 ms)
[ RUN      ] EncodingUTF16BE.isValidCodePoint
[       OK ] EncodingUTF16BE.isValidCodePoint (0 ms)
[----------] 9 tests from EncodingUTF16BE (0 ms total)

[----------] Global test environment tear-down
[==========] 9 tests from 1 test suite ran. (0 ms total)
[  PASSED  ] 9 tests.
<end of output>
Test time =   0.02 sec
----------------------------------------------------------
Test Passed.
"tests_common_test_encoding_utf16be" end time: Apr 06 13:23 Eastern Daylight Time
"tests_common_test_encoding_utf16be" time elapsed: 00:00:00
----------------------------------------------------------

22/96 Testing: tests_common_test_encoding_latin9
22/96 Test: tests_common_test_encoding_latin9
Command: "D:/Games/Astryx/build-new/bin/Debug/tests_common_test_encoding_latin9.exe"
Directory: D:/Games/Astryx/build-new
"tests_common_test_encoding_latin9" start time: Apr 06 13:23 Eastern Daylight Time
Output:
----------------------------------------------------------
Running main() from gtest_main.cc
Running main() from D:\Games\Astryx\tests\googletest\src\gtest_main.cc
[==========] Running 9 tests from 1 test suite.
[----------] Global test environment set-up.
[----------] 9 tests from EncodingLatin9
[ RUN      ] EncodingLatin9.readString
[       OK ] EncodingLatin9.readString (0 ms)
[ RUN      ] EncodingLatin9.readStringFixed
[       OK ] EncodingLatin9.readStringFixed (0 ms)
[ RUN      ] EncodingLatin9.readStringLine
[       OK ] EncodingLatin9.readStringLine (0 ms)
[ RUN      ] EncodingLatin9.readStringBuf
[       OK ] EncodingLatin9.readStringBuf (0 ms)
[ RUN      ] EncodingLatin9.convertString
[       OK ] EncodingLatin9.convertString (0 ms)
[ RUN      ] EncodingLatin9.writeString
[       OK ] EncodingLatin9.writeString (0 ms)
[ RUN      ] EncodingLatin9.writeStringFixed
[       OK ] EncodingLatin9.writeStringFixed (0 ms)
[ RUN      ] EncodingLatin9.getBytesPerCodepoint
[       OK ] EncodingLatin9.getBytesPerCodepoint (0 ms)
[ RUN      ] EncodingLatin9.isValidCodePoint
[       OK ] EncodingLatin9.isValidCodePoint (0 ms)
[----------] 9 tests from EncodingLatin9 (0 ms total)

[----------] Global test environment tear-down
[==========] 9 tests from 1 test suite ran. (0 ms total)
[  PASSED  ] 9 tests.
<end of output>
Test time =   0.02 sec
----------------------------------------------------------
Test Passed.
"tests_common_test_encoding_latin9" end time: Apr 06 13:23 Eastern Daylight Time
"tests_common_test_encoding_latin9" time elapsed: 00:00:00
----------------------------------------------------------

23/96 Testing: tests_common_test_encoding_cp1250
23/96 Test: tests_common_test_encoding_cp1250
Command: "D:/Games/Astryx/build-new/bin/Debug/tests_common_test_encoding_cp1250.exe"
Directory: D:/Games/Astryx/build-new
"tests_common_test_encoding_cp1250" start time: Apr 06 13:23 Eastern Daylight Time
Output:
----------------------------------------------------------
Running main() from gtest_main.cc
Running main() from D:\Games\Astryx\tests\googletest\src\gtest_main.cc
[==========] Running 9 tests from 1 test suite.
[----------] Global test environment set-up.
[----------] 9 tests from EncodingCP1250
[ RUN      ] EncodingCP1250.readString
[       OK ] EncodingCP1250.readString (0 ms)
[ RUN      ] EncodingCP1250.readStringFixed
[       OK ] EncodingCP1250.readStringFixed (0 ms)
[ RUN      ] EncodingCP1250.readStringLine
[       OK ] EncodingCP1250.readStringLine (0 ms)
[ RUN      ] EncodingCP1250.readStringBuf
[       OK ] EncodingCP1250.readStringBuf (0 ms)
[ RUN      ] EncodingCP1250.convertString
[       OK ] EncodingCP1250.convertString (0 ms)
[ RUN      ] EncodingCP1250.writeString
[       OK ] EncodingCP1250.writeString (0 ms)
[ RUN      ] EncodingCP1250.writeStringFixed
[       OK ] EncodingCP1250.writeStringFixed (0 ms)
[ RUN      ] EncodingCP1250.getBytesPerCodepoint
[       OK ] EncodingCP1250.getBytesPerCodepoint (0 ms)
[ RUN      ] EncodingCP1250.isValidCodePoint
[       OK ] EncodingCP1250.isValidCodePoint (0 ms)
[----------] 9 tests from EncodingCP1250 (0 ms total)

[----------] Global test environment tear-down
[==========] 9 tests from 1 test suite ran. (0 ms total)
[  PASSED  ] 9 tests.
<end of output>
Test time =   0.02 sec
----------------------------------------------------------
Test Passed.
"tests_common_test_encoding_cp1250" end time: Apr 06 13:23 Eastern Daylight Time
"tests_common_test_encoding_cp1250" time elapsed: 00:00:00
----------------------------------------------------------

24/96 Testing: tests_common_test_encoding_cp1251
24/96 Test: tests_common_test_encoding_cp1251
Command: "D:/Games/Astryx/build-new/bin/Debug/tests_common_test_encoding_cp1251.exe"
Directory: D:/Games/Astryx/build-new
"tests_common_test_encoding_cp1251" start time: Apr 06 13:23 Eastern Daylight Time
Output:
----------------------------------------------------------
Running main() from gtest_main.cc
Running main() from D:\Games\Astryx\tests\googletest\src\gtest_main.cc
[==========] Running 9 tests from 1 test suite.
[----------] Global test environment set-up.
[----------] 9 tests from EncodingCP1251
[ RUN      ] EncodingCP1251.readString
[       OK ] EncodingCP1251.readString (0 ms)
[ RUN      ] EncodingCP1251.readStringFixed
[       OK ] EncodingCP1251.readStringFixed (0 ms)
[ RUN      ] EncodingCP1251.readStringLine
[       OK ] EncodingCP1251.readStringLine (0 ms)
[ RUN      ] EncodingCP1251.readStringBuf
[       OK ] EncodingCP1251.readStringBuf (0 ms)
[ RUN      ] EncodingCP1251.convertString
[       OK ] EncodingCP1251.convertString (0 ms)
[ RUN      ] EncodingCP1251.writeString
[       OK ] EncodingCP1251.writeString (0 ms)
[ RUN      ] EncodingCP1251.writeStringFixed
[       OK ] EncodingCP1251.writeStringFixed (0 ms)
[ RUN      ] EncodingCP1251.getBytesPerCodepoint
[       OK ] EncodingCP1251.getBytesPerCodepoint (0 ms)
[ RUN      ] EncodingCP1251.isValidCodePoint
[       OK ] EncodingCP1251.isValidCodePoint (0 ms)
[----------] 9 tests from EncodingCP1251 (0 ms total)

[----------] Global test environment tear-down
[==========] 9 tests from 1 test suite ran. (0 ms total)
[  PASSED  ] 9 tests.
<end of output>
Test time =   0.14 sec
----------------------------------------------------------
Test Passed.
"tests_common_test_encoding_cp1251" end time: Apr 06 13:23 Eastern Daylight Time
"tests_common_test_encoding_cp1251" time elapsed: 00:00:00
----------------------------------------------------------

25/96 Testing: tests_common_test_encoding_cp1252
25/96 Test: tests_common_test_encoding_cp1252
Command: "D:/Games/Astryx/build-new/bin/Debug/tests_common_test_encoding_cp1252.exe"
Directory: D:/Games/Astryx/build-new
"tests_common_test_encoding_cp1252" start time: Apr 06 13:23 Eastern Daylight Time
Output:
----------------------------------------------------------
Running main() from gtest_main.cc
Running main() from D:\Games\Astryx\tests\googletest\src\gtest_main.cc
[==========] Running 9 tests from 1 test suite.
[----------] Global test environment set-up.
[----------] 9 tests from EncodingCP1252
[ RUN      ] EncodingCP1252.readString
[       OK ] EncodingCP1252.readString (0 ms)
[ RUN      ] EncodingCP1252.readStringFixed
[       OK ] EncodingCP1252.readStringFixed (0 ms)
[ RUN      ] EncodingCP1252.readStringLine
[       OK ] EncodingCP1252.readStringLine (0 ms)
[ RUN      ] EncodingCP1252.readStringBuf
[       OK ] EncodingCP1252.readStringBuf (0 ms)
[ RUN      ] EncodingCP1252.convertString
[       OK ] EncodingCP1252.convertString (0 ms)
[ RUN      ] EncodingCP1252.writeString
[       OK ] EncodingCP1252.writeString (0 ms)
[ RUN      ] EncodingCP1252.writeStringFixed
[       OK ] EncodingCP1252.writeStringFixed (0 ms)
[ RUN      ] EncodingCP1252.getBytesPerCodepoint
[       OK ] EncodingCP1252.getBytesPerCodepoint (0 ms)
[ RUN      ] EncodingCP1252.isValidCodePoint
[       OK ] EncodingCP1252.isValidCodePoint (0 ms)
[----------] 9 tests from EncodingCP1252 (0 ms total)

[----------] Global test environment tear-down
[==========] 9 tests from 1 test suite ran. (0 ms total)
[  PASSED  ] 9 tests.
<end of output>
Test time =   0.03 sec
----------------------------------------------------------
Test Passed.
"tests_common_test_encoding_cp1252" end time: Apr 06 13:23 Eastern Daylight Time
"tests_common_test_encoding_cp1252" time elapsed: 00:00:00
----------------------------------------------------------

26/96 Testing: tests_common_test_encoding_cp932
26/96 Test: tests_common_test_encoding_cp932
Command: "D:/Games/Astryx/build-new/bin/Debug/tests_common_test_encoding_cp932.exe"
Directory: D:/Games/Astryx/build-new
"tests_common_test_encoding_cp932" start time: Apr 06 13:23 Eastern Daylight Time
Output:
----------------------------------------------------------
Running main() from gtest_main.cc
Running main() from D:\Games\Astryx\tests\googletest\src\gtest_main.cc
[==========] Running 9 tests from 1 test suite.
[----------] Global test environment set-up.
[----------] 9 tests from EncodingCP932
[ RUN      ] EncodingCP932.readString
[       OK ] EncodingCP932.readString (0 ms)
[ RUN      ] EncodingCP932.readStringFixed
[       OK ] EncodingCP932.readStringFixed (0 ms)
[ RUN      ] EncodingCP932.readStringLine
[       OK ] EncodingCP932.readStringLine (0 ms)
[ RUN      ] EncodingCP932.readStringBuf
[       OK ] EncodingCP932.readStringBuf (0 ms)
[ RUN      ] EncodingCP932.convertString
[       OK ] EncodingCP932.convertString (0 ms)
[ RUN      ] EncodingCP932.writeString
[       OK ] EncodingCP932.writeString (0 ms)
[ RUN      ] EncodingCP932.writeStringFixed
[       OK ] EncodingCP932.writeStringFixed (0 ms)
[ RUN      ] EncodingCP932.getBytesPerCodepoint
[       OK ] EncodingCP932.getBytesPerCodepoint (0 ms)
[ RUN      ] EncodingCP932.isValidCodePoint
[       OK ] EncodingCP932.isValidCodePoint (0 ms)
[----------] 9 tests from EncodingCP932 (0 ms total)

[----------] Global test environment tear-down
[==========] 9 tests from 1 test suite ran. (0 ms total)
[  PASSED  ] 9 tests.
<end of output>
Test time =   0.02 sec
----------------------------------------------------------
Test Passed.
"tests_common_test_encoding_cp932" end time: Apr 06 13:23 Eastern Daylight Time
"tests_common_test_encoding_cp932" time elapsed: 00:00:00
----------------------------------------------------------

27/96 Testing: tests_common_test_encoding_cp936
27/96 Test: tests_common_test_encoding_cp936
Command: "D:/Games/Astryx/build-new/bin/Debug/tests_common_test_encoding_cp936.exe"
Directory: D:/Games/Astryx/build-new
"tests_common_test_encoding_cp936" start time: Apr 06 13:23 Eastern Daylight Time
Output:
----------------------------------------------------------
Running main() from gtest_main.cc
Running main() from D:\Games\Astryx\tests\googletest\src\gtest_main.cc
[==========] Running 9 tests from 1 test suite.
[----------] Global test environment set-up.
[----------] 9 tests from EncodingCP936
[ RUN      ] EncodingCP936.readString
[       OK ] EncodingCP936.readString (0 ms)
[ RUN      ] EncodingCP936.readStringFixed
[       OK ] EncodingCP936.readStringFixed (0 ms)
[ RUN      ] EncodingCP936.readStringLine
[       OK ] EncodingCP936.readStringLine (0 ms)
[ RUN      ] EncodingCP936.readStringBuf
[       OK ] EncodingCP936.readStringBuf (0 ms)
[ RUN      ] EncodingCP936.convertString
[       OK ] EncodingCP936.convertString (0 ms)
[ RUN      ] EncodingCP936.writeString
[       OK ] EncodingCP936.writeString (0 ms)
[ RUN      ] EncodingCP936.writeStringFixed
[       OK ] EncodingCP936.writeStringFixed (0 ms)
[ RUN      ] EncodingCP936.getBytesPerCodepoint
[       OK ] EncodingCP936.getBytesPerCodepoint (0 ms)
[ RUN      ] EncodingCP936.isValidCodePoint
[       OK ] EncodingCP936.isValidCodePoint (0 ms)
[----------] 9 tests from EncodingCP936 (0 ms total)

[----------] Global test environment tear-down
[==========] 9 tests from 1 test suite ran. (0 ms total)
[  PASSED  ] 9 tests.
<end of output>
Test time =   0.04 sec
----------------------------------------------------------
Test Passed.
"tests_common_test_encoding_cp936" end time: Apr 06 13:23 Eastern Daylight Time
"tests_common_test_encoding_cp936" time elapsed: 00:00:00
----------------------------------------------------------

28/96 Testing: tests_common_test_encoding_cp949
28/96 Test: tests_common_test_encoding_cp949
Command: "D:/Games/Astryx/build-new/bin/Debug/tests_common_test_encoding_cp949.exe"
Directory: D:/Games/Astryx/build-new
"tests_common_test_encoding_cp949" start time: Apr 06 13:23 Eastern Daylight Time
Output:
----------------------------------------------------------
Running main() from gtest_main.cc
Running main() from D:\Games\Astryx\tests\googletest\src\gtest_main.cc
[==========] Running 9 tests from 1 test suite.
[----------] Global test environment set-up.
[----------] 9 tests from EncodingCP949
[ RUN      ] EncodingCP949.readString
[       OK ] EncodingCP949.readString (0 ms)
[ RUN      ] EncodingCP949.readStringFixed
[       OK ] EncodingCP949.readStringFixed (0 ms)
[ RUN      ] EncodingCP949.readStringLine
[       OK ] EncodingCP949.readStringLine (0 ms)
[ RUN      ] EncodingCP949.readStringBuf
[       OK ] EncodingCP949.readStringBuf (0 ms)
[ RUN      ] EncodingCP949.convertString
[       OK ] EncodingCP949.convertString (0 ms)
[ RUN      ] EncodingCP949.writeString
[       OK ] EncodingCP949.writeString (0 ms)
[ RUN      ] EncodingCP949.writeStringFixed
[       OK ] EncodingCP949.writeStringFixed (0 ms)
[ RUN      ] EncodingCP949.getBytesPerCodepoint
[       OK ] EncodingCP949.getBytesPerCodepoint (0 ms)
[ RUN      ] EncodingCP949.isValidCodePoint
[       OK ] EncodingCP949.isValidCodePoint (0 ms)
[----------] 9 tests from EncodingCP949 (0 ms total)

[----------] Global test environment tear-down
[==========] 9 tests from 1 test suite ran. (0 ms total)
[  PASSED  ] 9 tests.
<end of output>
Test time =   0.02 sec
----------------------------------------------------------
Test Passed.
"tests_common_test_encoding_cp949" end time: Apr 06 13:23 Eastern Daylight Time
"tests_common_test_encoding_cp949" time elapsed: 00:00:00
----------------------------------------------------------

29/96 Testing: tests_common_test_encoding_cp950
29/96 Test: tests_common_test_encoding_cp950
Command: "D:/Games/Astryx/build-new/bin/Debug/tests_common_test_encoding_cp950.exe"
Directory: D:/Games/Astryx/build-new
"tests_common_test_encoding_cp950" start time: Apr 06 13:23 Eastern Daylight Time
Output:
----------------------------------------------------------
Running main() from gtest_main.cc
Running main() from D:\Games\Astryx\tests\googletest\src\gtest_main.cc
[==========] Running 9 tests from 1 test suite.
[----------] Global test environment set-up.
[----------] 9 tests from EncodingCP950
[ RUN      ] EncodingCP950.readString
[       OK ] EncodingCP950.readString (0 ms)
[ RUN      ] EncodingCP950.readStringFixed
[       OK ] EncodingCP950.readStringFixed (0 ms)
[ RUN      ] EncodingCP950.readStringLine
[       OK ] EncodingCP950.readStringLine (0 ms)
[ RUN      ] EncodingCP950.readStringBuf
[       OK ] EncodingCP950.readStringBuf (0 ms)
[ RUN      ] EncodingCP950.convertString
[       OK ] EncodingCP950.convertString (0 ms)
[ RUN      ] EncodingCP950.writeString
[       OK ] EncodingCP950.writeString (0 ms)
[ RUN      ] EncodingCP950.writeStringFixed
[       OK ] EncodingCP950.writeStringFixed (0 ms)
[ RUN      ] EncodingCP950.getBytesPerCodepoint
[       OK ] EncodingCP950.getBytesPerCodepoint (0 ms)
[ RUN      ] EncodingCP950.isValidCodePoint
[       OK ] EncodingCP950.isValidCodePoint (0 ms)
[----------] 9 tests from EncodingCP950 (0 ms total)

[----------] Global test environment tear-down
[==========] 9 tests from 1 test suite ran. (0 ms total)
[  PASSED  ] 9 tests.
<end of output>
Test time =   0.02 sec
----------------------------------------------------------
Test Passed.
"tests_common_test_encoding_cp950" end time: Apr 06 13:23 Eastern Daylight Time
"tests_common_test_encoding_cp950" time elapsed: 00:00:00
----------------------------------------------------------

30/96 Testing: tests_common_test_filepath
30/96 Test: tests_common_test_filepath
Command: "D:/Games/Astryx/build-new/bin/Debug/tests_common_test_filepath.exe"
Directory: D:/Games/Astryx/build-new
"tests_common_test_filepath" start time: Apr 06 13:23 Eastern Daylight Time
Output:
----------------------------------------------------------
Running main() from gtest_main.cc
Running main() from D:\Games\Astryx\tests\googletest\src\gtest_main.cc
[==========] Running 11 tests from 1 test suite.
[----------] Global test environment set-up.
[----------] 11 tests from FilePath
[ RUN      ] FilePath.isRegularFile
[       OK ] FilePath.isRegularFile (0 ms)
[ RUN      ] FilePath.isDirectory
[       OK ] FilePath.isDirectory (0 ms)
[ RUN      ] FilePath.getFileSize
WARNING: Failed to get size of file "C:/Users/allen/AppData/Local/Temp/1de6_ac37_c228_b33f.xoreos/7ece_2067_a793_034c.xoreos"!
WARNING: Failed to get size of file "C:/Users/allen/AppData/Local/Temp/1de6_ac37_c228_b33f.xoreos"!
[       OK ] FilePath.getFileSize (1 ms)
[ RUN      ] FilePath.getFile
[       OK ] FilePath.getFile (0 ms)
[ RUN      ] FilePath.getStem
[       OK ] FilePath.getStem (0 ms)
[ RUN      ] FilePath.getExtension
[       OK ] FilePath.getExtension (0 ms)
[ RUN      ] FilePath.getDirectory
[       OK ] FilePath.getDirectory (0 ms)
[ RUN      ] FilePath.isPOSIXAbsolute
[       OK ] FilePath.isPOSIXAbsolute (0 ms)
[ RUN      ] FilePath.changeExtension
[       OK ] FilePath.changeExtension (0 ms)
[ RUN      ] FilePath.relativize
[       OK ] FilePath.relativize (2 ms)
[ RUN      ] FilePath.escapeStringLiteral
[       OK ] FilePath.escapeStringLiteral (0 ms)
[----------] 11 tests from FilePath (6 ms total)

[----------] Global test environment tear-down
[==========] 11 tests from 1 test suite ran. (24 ms total)
[  PASSED  ] 11 tests.
<end of output>
Test time =   0.05 sec
----------------------------------------------------------
Test Passed.
"tests_common_test_filepath" end time: Apr 06 13:23 Eastern Daylight Time
"tests_common_test_filepath" time elapsed: 00:00:00
----------------------------------------------------------

31/96 Testing: tests_common_test_filelist
31/96 Test: tests_common_test_filelist
Command: "D:/Games/Astryx/build-new/bin/Debug/tests_common_test_filelist.exe"
Directory: D:/Games/Astryx/build-new
"tests_common_test_filelist" start time: Apr 06 13:23 Eastern Daylight Time
Output:
----------------------------------------------------------
Running main() from gtest_main.cc
Running main() from D:\Games\Astryx\tests\googletest\src\gtest_main.cc
[==========] Running 9 tests from 1 test suite.
[----------] Global test environment set-up.
[----------] 9 tests from FileList
[ RUN      ] FileList.addDirectory
[       OK ] FileList.addDirectory (0 ms)
[ RUN      ] FileList.copy
[       OK ] FileList.copy (0 ms)
[ RUN      ] FileList.clear
[       OK ] FileList.clear (0 ms)
[ RUN      ] FileList.contains
[       OK ] FileList.contains (1 ms)
[ RUN      ] FileList.containsGlob
[       OK ] FileList.containsGlob (0 ms)
[ RUN      ] FileList.findFirst
[       OK ] FileList.findFirst (0 ms)
[ RUN      ] FileList.findFirstGlob
[       OK ] FileList.findFirstGlob (0 ms)
[ RUN      ] FileList.getSubList
[       OK ] FileList.getSubList (1 ms)
[ RUN      ] FileList.getSubListGlob
[       OK ] FileList.getSubListGlob (1 ms)
[----------] 9 tests from FileList (7 ms total)

[----------] Global test environment tear-down
[==========] 9 tests from 1 test suite ran. (23 ms total)
[  PASSED  ] 9 tests.
<end of output>
Test time =   0.05 sec
----------------------------------------------------------
Test Passed.
"tests_common_test_filelist" end time: Apr 06 13:23 Eastern Daylight Time
"tests_common_test_filelist" time elapsed: 00:00:00
----------------------------------------------------------

32/96 Testing: tests_common_test_hash
32/96 Test: tests_common_test_hash
Command: "D:/Games/Astryx/build-new/bin/Debug/tests_common_test_hash.exe"
Directory: D:/Games/Astryx/build-new
"tests_common_test_hash" start time: Apr 06 13:23 Eastern Daylight Time
Output:
----------------------------------------------------------
Running main() from gtest_main.cc
Running main() from D:\Games\Astryx\tests\googletest\src\gtest_main.cc
[==========] Running 9 tests from 1 test suite.
[----------] Global test environment set-up.
[----------] 9 tests from Hash
[ RUN      ] Hash.DJB2
[       OK ] Hash.DJB2 (0 ms)
[ RUN      ] Hash.FNV32
[       OK ] Hash.FNV32 (0 ms)
[ RUN      ] Hash.FNV64
[       OK ] Hash.FNV64 (0 ms)
[ RUN      ] Hash.CRC32
[       OK ] Hash.CRC32 (0 ms)
[ RUN      ] Hash.DJB2Encoding
[       OK ] Hash.DJB2Encoding (0 ms)
[ RUN      ] Hash.FNV32Encoding
[       OK ] Hash.FNV32Encoding (0 ms)
[ RUN      ] Hash.FNV64Encoding
[       OK ] Hash.FNV64Encoding (0 ms)
[ RUN      ] Hash.CRC32Encoding
[       OK ] Hash.CRC32Encoding (0 ms)
[ RUN      ] Hash.formatHash
[       OK ] Hash.formatHash (0 ms)
[----------] 9 tests from Hash (0 ms total)

[----------] Global test environment tear-down
[==========] 9 tests from 1 test suite ran. (0 ms total)
[  PASSED  ] 9 tests.
<end of output>
Test time =   0.02 sec
----------------------------------------------------------
Test Passed.
"tests_common_test_hash" end time: Apr 06 13:23 Eastern Daylight Time
"tests_common_test_hash" time elapsed: 00:00:00
----------------------------------------------------------

33/96 Testing: tests_common_test_md5
33/96 Test: tests_common_test_md5
Command: "D:/Games/Astryx/build-new/bin/Debug/tests_common_test_md5.exe"
Directory: D:/Games/Astryx/build-new
"tests_common_test_md5" start time: Apr 06 13:23 Eastern Daylight Time
Output:
----------------------------------------------------------
Running main() from gtest_main.cc
Running main() from D:\Games\Astryx\tests\googletest\src\gtest_main.cc
[==========] Running 10 tests from 1 test suite.
[----------] Global test environment set-up.
[----------] 10 tests from MD5
[ RUN      ] MD5.hashString
[       OK ] MD5.hashString (0 ms)
[ RUN      ] MD5.hashData
[       OK ] MD5.hashData (0 ms)
[ RUN      ] MD5.hashStream
[       OK ] MD5.hashStream (0 ms)
[ RUN      ] MD5.hashVector
[       OK ] MD5.hashVector (0 ms)
[ RUN      ] MD5.hashEmptyVector
[       OK ] MD5.hashEmptyVector (0 ms)
[ RUN      ] MD5.compareString
[       OK ] MD5.compareString (0 ms)
[ RUN      ] MD5.compareData
[       OK ] MD5.compareData (0 ms)
[ RUN      ] MD5.compareStream
[       OK ] MD5.compareStream (0 ms)
[ RUN      ] MD5.compareVector
[       OK ] MD5.compareVector (0 ms)
[ RUN      ] MD5.compareEmptyVector
[       OK ] MD5.compareEmptyVector (0 ms)
[----------] 10 tests from MD5 (0 ms total)

[----------] Global test environment tear-down
[==========] 10 tests from 1 test suite ran. (0 ms total)
[  PASSED  ] 10 tests.
<end of output>
Test time =   0.03 sec
----------------------------------------------------------
Test Passed.
"tests_common_test_md5" end time: Apr 06 13:23 Eastern Daylight Time
"tests_common_test_md5" time elapsed: 00:00:00
----------------------------------------------------------

34/96 Testing: tests_common_test_deflate
34/96 Test: tests_common_test_deflate
Command: "D:/Games/Astryx/build-new/bin/Debug/tests_common_test_deflate.exe"
Directory: D:/Games/Astryx/build-new
"tests_common_test_deflate" start time: Apr 06 13:23 Eastern Daylight Time
Output:
----------------------------------------------------------
Running main() from gtest_main.cc
Running main() from D:\Games\Astryx\tests\googletest\src\gtest_main.cc
[==========] Running 9 tests from 1 test suite.
[----------] Global test environment set-up.
[----------] 9 tests from DEFLATE
[ RUN      ] DEFLATE.decompressBuf
[       OK ] DEFLATE.decompressBuf (0 ms)
[ RUN      ] DEFLATE.decompressBufWithoutDecompressedSize
[       OK ] DEFLATE.decompressBufWithoutDecompressedSize (0 ms)
[ RUN      ] DEFLATE.decompressBufWithoutDecompressedSizeFrameSizeEvenDivide
[       OK ] DEFLATE.decompressBufWithoutDecompressedSizeFrameSizeEvenDivide (0 ms)
[ RUN      ] DEFLATE.decompressStream
[       OK ] DEFLATE.decompressStream (0 ms)
[ RUN      ] DEFLATE.decompressStreamWithoutDecompressedSize
[       OK ] DEFLATE.decompressStreamWithoutDecompressedSize (0 ms)
[ RUN      ] DEFLATE.decompressFailOutputSmall
[       OK ] DEFLATE.decompressFailOutputSmall (0 ms)
[ RUN      ] DEFLATE.decompressFailOutputBig
[       OK ] DEFLATE.decompressFailOutputBig (0 ms)
[ RUN      ] DEFLATE.decompressFailInputCut
[       OK ] DEFLATE.decompressFailInputCut (0 ms)
[ RUN      ] DEFLATE.decompressChunked
[       OK ] DEFLATE.decompressChunked (0 ms)
[----------] 9 tests from DEFLATE (0 ms total)

[----------] Global test environment tear-down
[==========] 9 tests from 1 test suite ran. (0 ms total)
[  PASSED  ] 9 tests.
<end of output>
Test time =   0.02 sec
----------------------------------------------------------
Test Passed.
"tests_common_test_deflate" end time: Apr 06 13:23 Eastern Daylight Time
"tests_common_test_deflate" time elapsed: 00:00:00
----------------------------------------------------------

35/96 Testing: tests_common_test_zipfile
35/96 Test: tests_common_test_zipfile
Command: "D:/Games/Astryx/build-new/bin/Debug/tests_common_test_zipfile.exe"
Directory: D:/Games/Astryx/build-new
"tests_common_test_zipfile" start time: Apr 06 13:23 Eastern Daylight Time
Output:
----------------------------------------------------------
Running main() from gtest_main.cc
Running main() from D:\Games\Astryx\tests\googletest\src\gtest_main.cc
[==========] Running 4 tests from 1 test suite.
[----------] Global test environment set-up.
[----------] 4 tests from ZIPFile
[ RUN      ] ZIPFile.getFiles
[       OK ] ZIPFile.getFiles (0 ms)
[ RUN      ] ZIPFile.getFileSize
[       OK ] ZIPFile.getFileSize (0 ms)
[ RUN      ] ZIPFile.getFile
[       OK ] ZIPFile.getFile (0 ms)
[ RUN      ] ZIPFile.brokenZIP
[       OK ] ZIPFile.brokenZIP (0 ms)
[----------] 4 tests from ZIPFile (0 ms total)

[----------] Global test environment tear-down
[==========] 4 tests from 1 test suite ran. (0 ms total)
[  PASSED  ] 4 tests.
<end of output>
Test time =   0.02 sec
----------------------------------------------------------
Test Passed.
"tests_common_test_zipfile" end time: Apr 06 13:23 Eastern Daylight Time
"tests_common_test_zipfile" time elapsed: 00:00:00
----------------------------------------------------------

36/96 Testing: tests_common_test_lzma
36/96 Test: tests_common_test_lzma
Command: "D:/Games/Astryx/build-new/bin/Debug/tests_common_test_lzma.exe"
Directory: D:/Games/Astryx/build-new
"tests_common_test_lzma" start time: Apr 06 13:23 Eastern Daylight Time
Output:
----------------------------------------------------------
Running main() from gtest_main.cc
Running main() from D:\Games\Astryx\tests\googletest\src\gtest_main.cc
[==========] Running 5 tests from 1 test suite.
[----------] Global test environment set-up.
[----------] 5 tests from LZMA1
[ RUN      ] LZMA1.decompressBuf
[       OK ] LZMA1.decompressBuf (6 ms)
[ RUN      ] LZMA1.decompressStream
[       OK ] LZMA1.decompressStream (8 ms)
[ RUN      ] LZMA1.decompressFailOutputSmall
[       OK ] LZMA1.decompressFailOutputSmall (7 ms)
[ RUN      ] LZMA1.decompressFailOutputBig
[       OK ] LZMA1.decompressFailOutputBig (8 ms)
[ RUN      ] LZMA1.decompressFailInputCut
[       OK ] LZMA1.decompressFailInputCut (8 ms)
[----------] 5 tests from LZMA1 (40 ms total)

[----------] Global test environment tear-down
[==========] 5 tests from 1 test suite ran. (41 ms total)
[  PASSED  ] 5 tests.
<end of output>
Test time =   0.06 sec
----------------------------------------------------------
Test Passed.
"tests_common_test_lzma" end time: Apr 06 13:23 Eastern Daylight Time
"tests_common_test_lzma" time elapsed: 00:00:00
----------------------------------------------------------

37/96 Testing: tests_common_test_xml
37/96 Test: tests_common_test_xml
Command: "D:/Games/Astryx/build-new/bin/Debug/tests_common_test_xml.exe"
Directory: D:/Games/Astryx/build-new
"tests_common_test_xml" start time: Apr 06 13:23 Eastern Daylight Time
Output:
----------------------------------------------------------
Running main() from gtest_main.cc
Running main() from D:\Games\Astryx\tests\googletest\src\gtest_main.cc
[==========] Running 10 tests from 1 test suite.
[----------] Global test environment set-up.
[----------] 10 tests from XML
[ RUN      ] XML.getRootNode
[       OK ] XML.getRootNode (0 ms)
[ RUN      ] XML.getChildren
[       OK ] XML.getChildren (0 ms)
[ RUN      ] XML.findChild
[       OK ] XML.findChild (0 ms)
[ RUN      ] XML.makeLower
[       OK ] XML.makeLower (0 ms)
[ RUN      ] XML.getParent
[       OK ] XML.getParent (0 ms)
[ RUN      ] XML.getContent
[       OK ] XML.getContent (0 ms)
[ RUN      ] XML.getProperties
[       OK ] XML.getProperties (0 ms)
[ RUN      ] XML.getProperty
[       OK ] XML.getProperty (0 ms)
[ RUN      ] XML.parseBroken
[       OK ] XML.parseBroken (0 ms)
[ RUN      ] XML.getContentEntities
[       OK ] XML.getContentEntities (0 ms)
[----------] 10 tests from XML (2 ms total)

[----------] Global test environment tear-down
[==========] 10 tests from 1 test suite ran. (2 ms total)
[  PASSED  ] 10 tests.
<end of output>
Test time =   0.02 sec
----------------------------------------------------------
Test Passed.
"tests_common_test_xml" end time: Apr 06 13:23 Eastern Daylight Time
"tests_common_test_xml" time elapsed: 00:00:00
----------------------------------------------------------

38/96 Testing: tests_common_test_streamtokenizer
38/96 Test: tests_common_test_streamtokenizer
Command: "D:/Games/Astryx/build-new/bin/Debug/tests_common_test_streamtokenizer.exe"
Directory: D:/Games/Astryx/build-new
"tests_common_test_streamtokenizer" start time: Apr 06 13:23 Eastern Daylight Time
Output:
----------------------------------------------------------
Running main() from gtest_main.cc
Running main() from D:\Games\Astryx\tests\googletest\src\gtest_main.cc
[==========] Running 12 tests from 1 test suite.
[----------] Global test environment set-up.
[----------] 12 tests from StreamTokenizer
[ RUN      ] StreamTokenizer.getToken
[       OK ] StreamTokenizer.getToken (0 ms)
[ RUN      ] StreamTokenizer.getTokens
[       OK ] StreamTokenizer.getTokens (0 ms)
[ RUN      ] StreamTokenizer.consecutiveHeed
[       OK ] StreamTokenizer.consecutiveHeed (0 ms)
[ RUN      ] StreamTokenizer.consecutiveIgnoreSame
[       OK ] StreamTokenizer.consecutiveIgnoreSame (0 ms)
[ RUN      ] StreamTokenizer.consecutiveIgnoreAll
[       OK ] StreamTokenizer.consecutiveIgnoreAll (0 ms)
[ RUN      ] StreamTokenizer.findFirstToken
[       OK ] StreamTokenizer.findFirstToken (0 ms)
[ RUN      ] StreamTokenizer.skipToken
[       OK ] StreamTokenizer.skipToken (0 ms)
[ RUN      ] StreamTokenizer.ignore
[       OK ] StreamTokenizer.ignore (0 ms)
[ RUN      ] StreamTokenizer.quote
[       OK ] StreamTokenizer.quote (0 ms)
[ RUN      ] StreamTokenizer.quoteMultiple
[       OK ] StreamTokenizer.quoteMultiple (0 ms)
[ RUN      ] StreamTokenizer.nextChunk
[       OK ] StreamTokenizer.nextChunk (0 ms)
[ RUN      ] StreamTokenizer.skipChunk
[       OK ] StreamTokenizer.skipChunk (0 ms)
[----------] 12 tests from StreamTokenizer (1 ms total)

[----------] Global test environment tear-down
[==========] 12 tests from 1 test suite ran. (1 ms total)
[  PASSED  ] 12 tests.
<end of output>
Test time =   0.03 sec
----------------------------------------------------------
Test Passed.
"tests_common_test_streamtokenizer" end time: Apr 06 13:23 Eastern Daylight Time
"tests_common_test_streamtokenizer" time elapsed: 00:00:00
----------------------------------------------------------

39/96 Testing: tests_common_test_maths
39/96 Test: tests_common_test_maths
Command: "D:/Games/Astryx/build-new/bin/Debug/tests_common_test_maths.exe"
Directory: D:/Games/Astryx/build-new
"tests_common_test_maths" start time: Apr 06 13:23 Eastern Daylight Time
Output:
----------------------------------------------------------
Running main() from gtest_main.cc
Running main() from D:\Games\Astryx\tests\googletest\src\gtest_main.cc
[==========] Running 4 tests from 1 test suite.
[----------] Global test environment set-up.
[----------] 4 tests from Maths
[ RUN      ] Maths.intLog2
[       OK ] Maths.intLog2 (0 ms)
[ RUN      ] Maths.pi
[       OK ] Maths.pi (0 ms)
[ RUN      ] Maths.deg2rad
[       OK ] Maths.deg2rad (0 ms)
[ RUN      ] Maths.rad2deg
[       OK ] Maths.rad2deg (0 ms)
[----------] 4 tests from Maths (0 ms total)

[----------] Global test environment tear-down
[==========] 4 tests from 1 test suite ran. (0 ms total)
[  PASSED  ] 4 tests.
<end of output>
Test time =   0.01 sec
----------------------------------------------------------
Test Passed.
"tests_common_test_maths" end time: Apr 06 13:23 Eastern Daylight Time
"tests_common_test_maths" time elapsed: 00:00:00
----------------------------------------------------------

40/96 Testing: tests_common_test_boundingbox
40/96 Test: tests_common_test_boundingbox
Command: "D:/Games/Astryx/build-new/bin/Debug/tests_common_test_boundingbox.exe"
Directory: D:/Games/Astryx/build-new
"tests_common_test_boundingbox" start time: Apr 06 13:23 Eastern Daylight Time
Output:
----------------------------------------------------------
Running main() from gtest_main.cc
Running main() from D:\Games\Astryx\tests\googletest\src\gtest_main.cc
[...]
[ RUN      ] EndarSpireGoldenPath.CombatRoundNullAreaGuard
[       OK ] EndarSpireGoldenPath.CombatRoundNullAreaGuard (0 ms)
[ RUN      ] EndarSpireGoldenPath.UnarmedAttackMinimumDamage
[       OK ] EndarSpireGoldenPath.UnarmedAttackMinimumDamage (0 ms)
[----------] 10 tests from EndarSpireGoldenPath (0 ms total)

[----------] Global test environment tear-down
[==========] 10 tests from 1 test suite ran. (0 ms total)
[  PASSED  ] 10 tests.
<end of output>
Test time =   0.13 sec
----------------------------------------------------------
Test Passed.
"tests_engines_kotorbase_test_endar_spire_golden" end time: Apr 06 13:23 Eastern Daylight Time
"tests_engines_kotorbase_test_endar_spire_golden" time elapsed: 00:00:00
----------------------------------------------------------

92/96 Testing: tests_engines_kotorbase_test_taris_progression
92/96 Test: tests_engines_kotorbase_test_taris_progression
Command: "D:/Games/Astryx/build-new/bin/Debug/tests_engines_kotorbase_test_taris_progression.exe"
Directory: D:/Games/Astryx/build-new
"tests_engines_kotorbase_test_taris_progression" start time: Apr 06 13:23 Eastern Daylight Time
Output:
----------------------------------------------------------
Running main() from gtest_main.cc
Running main() from D:\Games\Astryx\tests\googletest\src\gtest_main.cc
[==========] Running 11 tests from 1 test suite.
[----------] Global test environment set-up.
[----------] 11 tests from KotORBaseTarisParty
[ RUN      ] KotORBaseTarisParty.partyCountAndIndexReflectAdds
[       OK ] KotORBaseTarisParty.partyCountAndIndexReflectAdds (0 ms)
[ RUN      ] KotORBaseTarisParty.removePartyMemberUpdatesMembership
[       OK ] KotORBaseTarisParty.removePartyMemberUpdatesMembership (0 ms)
[ RUN      ] KotORBaseTarisParty.removingUnknownPartyMemberDoesNotMutateRoster
[       OK ] KotORBaseTarisParty.removingUnknownPartyMemberDoesNotMutateRoster (0 ms)
[ RUN      ] KotORBaseTarisParty.soloModeRoundTrips
[       OK ] KotORBaseTarisParty.soloModeRoundTrips (0 ms)
[ RUN      ] KotORBaseTarisParty.loadFromSaveGameFlagResetsOnNormalTransition
[       OK ] KotORBaseTarisParty.loadFromSaveGameFlagResetsOnNormalTransition (0 ms)
[ RUN      ] KotORBaseTarisParty.globalStringRoundTripsAndOverwrite
[       OK ] KotORBaseTarisParty.globalStringRoundTripsAndOverwrite (0 ms)
[ RUN      ] KotORBaseTarisParty.galaxyMapFlagsDefaultFalseAndRoundTrip
[       OK ] KotORBaseTarisParty.galaxyMapFlagsDefaultFalseAndRoundTrip (0 ms)
[ RUN      ] KotORBaseTarisParty.areaUnescapableFlagRoundTrips
[       OK ] KotORBaseTarisParty.areaUnescapableFlagRoundTrips (0 ms)
[ RUN      ] KotORBaseTarisParty.galaxyMapKeepsValidSelectedPlanet
[       OK ] KotORBaseTarisParty.galaxyMapKeepsValidSelectedPlanet (0 ms)
[ RUN      ] KotORBaseTarisParty.galaxyMapFallsBackToFirstAvailableWhenNoneSelectable
[       OK ] KotORBaseTarisParty.galaxyMapFallsBackToFirstAvailableWhenNoneSelectable (0 ms)
[ RUN      ] KotORBaseTarisParty.galaxyMapLeavesSelectionWhenNothingAvailable
[       OK ] KotORBaseTarisParty.galaxyMapLeavesSelectionWhenNothingAvailable (0 ms)
[----------] 11 tests from KotORBaseTarisParty (0 ms total)

[----------] Global test environment tear-down
[==========] 11 tests from 1 test suite ran. (0 ms total)
[  PASSED  ] 11 tests.
<end of output>
Test time =   0.02 sec
----------------------------------------------------------
Test Passed.
"tests_engines_kotorbase_test_taris_progression" end time: Apr 06 13:23 Eastern Daylight Time
"tests_engines_kotorbase_test_taris_progression" time elapsed: 00:00:00
----------------------------------------------------------

93/96 Testing: tests_engines_kotorbase_test_taris_upper_city
93/96 Test: tests_engines_kotorbase_test_taris_upper_city
Command: "D:/Games/Astryx/build-new/bin/Debug/tests_engines_kotorbase_test_taris_upper_city.exe"
Directory: D:/Games/Astryx/build-new
"tests_engines_kotorbase_test_taris_upper_city" start time: Apr 06 13:23 Eastern Daylight Time
Output:
----------------------------------------------------------
Running main() from gtest_main.cc
Running main() from D:\Games\Astryx\tests\googletest\src\gtest_main.cc
[==========] Running 22 tests from 4 test suites.
[----------] Global test environment set-up.
[----------] 6 tests from KotORBaseTarisUpperCity
[ RUN      ] KotORBaseTarisUpperCity.distanceZeroForSamePoint
[       OK ] KotORBaseTarisUpperCity.distanceZeroForSamePoint (0 ms)
[ RUN      ] KotORBaseTarisUpperCity.distanceAxisAlignedX
[       OK ] KotORBaseTarisUpperCity.distanceAxisAlignedX (0 ms)
[ RUN      ] KotORBaseTarisUpperCity.distanceAxisAlignedY
[       OK ] KotORBaseTarisUpperCity.distanceAxisAlignedY (0 ms)
[ RUN      ] KotORBaseTarisUpperCity.distanceAxisAlignedZ
[       OK ] KotORBaseTarisUpperCity.distanceAxisAlignedZ (0 ms)
[ RUN      ] KotORBaseTarisUpperCity.distance3DPythagoras
[       OK ] KotORBaseTarisUpperCity.distance3DPythagoras (0 ms)
[ RUN      ] KotORBaseTarisUpperCity.distanceIsSymmetric
[       OK ] KotORBaseTarisUpperCity.distanceIsSymmetric (0 ms)
[----------] 6 tests from KotORBaseTarisUpperCity (0 ms total)

[----------] 7 tests from KotORBaseReputation
[ RUN      ] KotORBaseReputation.sameFactionDefaultIs100
[       OK ] KotORBaseReputation.sameFactionDefaultIs100 (0 ms)
[ RUN      ] KotORBaseReputation.hostileVsFriendlyDefaultIs0
[       OK ] KotORBaseReputation.hostileVsFriendlyDefaultIs0 (0 ms)
[ RUN      ] KotORBaseReputation.neutralDefaultIs50
[       OK ] KotORBaseReputation.neutralDefaultIs50 (0 ms)
[ RUN      ] KotORBaseReputation.adjustIncreasesStoredValue
[       OK ] KotORBaseReputation.adjustIncreasesStoredValue (0 ms)
[ RUN      ] KotORBaseReputation.adjustClampsAt100
[       OK ] KotORBaseReputation.adjustClampsAt100 (0 ms)
[ RUN      ] KotORBaseReputation.adjustClampsAt0
[       OK ] KotORBaseReputation.adjustClampsAt0 (0 ms)
[ RUN      ] KotORBaseReputation.pairsAreIndependent
[       OK ] KotORBaseReputation.pairsAreIndependent (0 ms)
[----------] 7 tests from KotORBaseReputation (0 ms total)

[----------] 5 tests from KotORBaseEffectM3
[ RUN      ] KotORBaseEffectM3.effectACIncreaseTypeAndAmount
[       OK ] KotORBaseEffectM3.effectACIncreaseTypeAndAmount (0 ms)
[ RUN      ] KotORBaseEffectM3.effectAttackIncreaseTypeAndAmount
[       OK ] KotORBaseEffectM3.effectAttackIncreaseTypeAndAmount (0 ms)
[ RUN      ] KotORBaseEffectM3.effectSkillIncreaseTypeAmountAndSkillId
[       OK ] KotORBaseEffectM3.effectSkillIncreaseTypeAmountAndSkillId (0 ms)
[ RUN      ] KotORBaseEffectM3.effectTemporaryHitpointsTypeAndAmount
[       OK ] KotORBaseEffectM3.effectTemporaryHitpointsTypeAndAmount (0 ms)
[ RUN      ] KotORBaseEffectM3.cloneIsIndependentForNewTypes
[       OK ] KotORBaseEffectM3.cloneIsIndependentForNewTypes (0 ms)
[----------] 5 tests from KotORBaseEffectM3 (0 ms total)

[----------] 4 tests from KotORBaseTempHP
[ RUN      ] KotORBaseTempHP.addsBelowMax
[       OK ] KotORBaseTempHP.addsBelowMax (0 ms)
[ RUN      ] KotORBaseTempHP.clampsAtMax
[       OK ] KotORBaseTempHP.clampsAtMax (0 ms)
[ RUN      ] KotORBaseTempHP.exactMaxStaysAtMax
[       OK ] KotORBaseTempHP.exactMaxStaysAtMax (0 ms)
[ RUN      ] KotORBaseTempHP.zeroAmountIsNoOp
[       OK ] KotORBaseTempHP.zeroAmountIsNoOp (0 ms)
[----------] 4 tests from KotORBaseTempHP (0 ms total)

[----------] Global test environment tear-down
[==========] 22 tests from 4 test suites ran. (0 ms total)
[  PASSED  ] 22 tests.
<end of output>
Test time =   0.01 sec
----------------------------------------------------------
Test Passed.
"tests_engines_kotorbase_test_taris_upper_city" end time: Apr 06 13:23 Eastern Daylight Time
"tests_engines_kotorbase_test_taris_upper_city" time elapsed: 00:00:00
----------------------------------------------------------

94/96 Testing: tests_engines_kotorbase_test_cinematic_scripting
94/96 Test: tests_engines_kotorbase_test_cinematic_scripting
Command: "D:/Games/Astryx/build-new/bin/Debug/tests_engines_kotorbase_test_cinematic_scripting.exe"
Directory: D:/Games/Astryx/build-new
"tests_engines_kotorbase_test_cinematic_scripting" start time: Apr 06 13:23 Eastern Daylight Time
Output:
----------------------------------------------------------
Running main() from gtest_main.cc
Running main() from D:\Games\Astryx\tests\googletest\src\gtest_main.cc
[==========] Running 23 tests from 1 test suite.
[----------] Global test environment set-up.
[----------] 23 tests from CinematicScripting
[ RUN      ] CinematicScripting.CameraFacingZeroDegrees
[       OK ] CinematicScripting.CameraFacingZeroDegrees (0 ms)
[ RUN      ] CinematicScripting.CameraFacingSmallDegrees
[       OK ] CinematicScripting.CameraFacingSmallDegrees (0 ms)
[ RUN      ] CinematicScripting.CameraFacingCardinalDirections
[       OK ] CinematicScripting.CameraFacingCardinalDirections (0 ms)
[ RUN      ] CinematicScripting.CameraFacingNegativeAngle
[       OK ] CinematicScripting.CameraFacingNegativeAngle (0 ms)
[ RUN      ] CinematicScripting.UserActionsPendingEmptyQueue
[       OK ] CinematicScripting.UserActionsPendingEmptyQueue (0 ms)
[ RUN      ] CinematicScripting.UserActionsPendingNonEmptyQueue
[       OK ] CinematicScripting.UserActionsPendingNonEmptyQueue (0 ms)
[ RUN      ] CinematicScripting.UserActionsPendingTransition
[       OK ] CinematicScripting.UserActionsPendingTransition (0 ms)
[ RUN      ] CinematicScripting.ClearActionsNullCallerDoesNothing
[       OK ] CinematicScripting.ClearActionsNullCallerDoesNothing (0 ms)
[ RUN      ] CinematicScripting.ClearActionsValidCallerClearsOnlyCaller
[       OK ] CinematicScripting.ClearActionsValidCallerClearsOnlyCaller (0 ms)
[ RUN      ] CinematicScripting.AnimIDTableLoopingAnimations
[       OK ] CinematicScripting.AnimIDTableLoopingAnimations (0 ms)
[ RUN      ] CinematicScripting.AnimIDTableFireForgetCombatAnimations
[       OK ] CinematicScripting.AnimIDTableFireForgetCombatAnimations (0 ms)
[ RUN      ] CinematicScripting.AnimIDTableForceAnimations
[       OK ] CinematicScripting.AnimIDTableForceAnimations (0 ms)
[ RUN      ] CinematicScripting.AnimIDTableUnknownIDReturnsEmpty
[       OK ] CinematicScripting.AnimIDTableUnknownIDReturnsEmpty (0 ms)
[ RUN      ] CinematicScripting.AnimIDTableSpecificNamesCorrect
[       OK ] CinematicScripting.AnimIDTableSpecificNamesCorrect (0 ms)
[ RUN      ] CinematicScripting.ActionPlayAnimationUsesRestart
[       OK ] CinematicScripting.ActionPlayAnimationUsesRestart (0 ms)
[ RUN      ] CinematicScripting.PlayAnimationDoesNotRestart
[       OK ] CinematicScripting.PlayAnimationDoesNotRestart (0 ms)
[ RUN      ] CinematicScripting.FadeOutParametersPassedCorrectly
[       OK ] CinematicScripting.FadeOutParametersPassedCorrectly (0 ms)
[ RUN      ] CinematicScripting.FadeInParametersPassedCorrectly
[       OK ] CinematicScripting.FadeInParametersPassedCorrectly (0 ms)
[ RUN      ] CinematicScripting.FadeOutThenInRestoresVisibility
[       OK ] CinematicScripting.FadeOutThenInRestoresVisibility (0 ms)
[ RUN      ] CinematicScripting.PlayVideoRestoresVolumesAfterNormalPlayback
[       OK ] CinematicScripting.PlayVideoRestoresVolumesAfterNormalPlayback (0 ms)
[ RUN      ] CinematicScripting.PlayVideoRestoresVolumesAfterException
[       OK ] CinematicScripting.PlayVideoRestoresVolumesAfterException (0 ms)
[ RUN      ] CinematicScripting.PlayVideoMutesAllChannelsBeforePlayback
[       OK ] CinematicScripting.PlayVideoMutesAllChannelsBeforePlayback (0 ms)
[ RUN      ] CinematicScripting.PlayVideoNonDefaultConfigVolumes
[       OK ] CinematicScripting.PlayVideoNonDefaultConfigVolumes (0 ms)
[----------] 23 tests from CinematicScripting (0 ms total)

[----------] Global test environment tear-down
[==========] 23 tests from 1 test suite ran. (0 ms total)
[  PASSED  ] 23 tests.
<end of output>
Test time =   0.01 sec
----------------------------------------------------------
Test Passed.
"tests_engines_kotorbase_test_cinematic_scripting" end time: Apr 06 13:23 Eastern Daylight Time
"tests_engines_kotorbase_test_cinematic_scripting" time elapsed: 00:00:00
----------------------------------------------------------

95/96 Testing: tests_engines_kotorbase_test_dantooine_progression
95/96 Test: tests_engines_kotorbase_test_dantooine_progression
Command: "D:/Games/Astryx/build-new/bin/Debug/tests_engines_kotorbase_test_dantooine_progression.exe"
Directory: D:/Games/Astryx/build-new
"tests_engines_kotorbase_test_dantooine_progression" start time: Apr 06 13:23 Eastern Daylight Time
Output:
----------------------------------------------------------
Running main() from gtest_main.cc
Running main() from D:\Games\Astryx\tests\googletest\src\gtest_main.cc
[==========] Running 38 tests from 1 test suite.
[----------] Global test environment set-up.
[----------] 38 tests from DantooineProgression
[ RUN      ] DantooineProgression.HealCapsAtMaxHP
[       OK ] DantooineProgression.HealCapsAtMaxHP (0 ms)
[ RUN      ] DantooineProgression.HealBelowMaxHPIsUnchanged
[       OK ] DantooineProgression.HealBelowMaxHPIsUnchanged (0 ms)
[ RUN      ] DantooineProgression.HealExactlyToMaxHPAllowed
[       OK ] DantooineProgression.HealExactlyToMaxHPAllowed (0 ms)
[ RUN      ] DantooineProgression.HealOverkillClampedAtMax
[       OK ] DantooineProgression.HealOverkillClampedAtMax (0 ms)
[ RUN      ] DantooineProgression.HealAtFullHPIsNoOp
[       OK ] DantooineProgression.HealAtFullHPIsNoOp (0 ms)
[ RUN      ] DantooineProgression.SetXPIncreasesCorrectly
[       OK ] DantooineProgression.SetXPIncreasesCorrectly (0 ms)
[ RUN      ] DantooineProgression.SetXPDecreasesXP
[       OK ] DantooineProgression.SetXPDecreasesXP (0 ms)
[ RUN      ] DantooineProgression.SetXPToZeroResetsXP
[       OK ] DantooineProgression.SetXPToZeroResetsXP (0 ms)
[ RUN      ] DantooineProgression.SetXPFollowedByAddAccumulates
[       OK ] DantooineProgression.SetXPFollowedByAddAccumulates (0 ms)
[ RUN      ] DantooineProgression.GlobalBoolSurvivesPartialUnload
[       OK ] DantooineProgression.GlobalBoolSurvivesPartialUnload (0 ms)
[ RUN      ] DantooineProgression.GlobalNumberSurvivesPartialUnload
[       OK ] DantooineProgression.GlobalNumberSurvivesPartialUnload (0 ms)
[ RUN      ] DantooineProgression.GlobalStringSurvivesPartialUnload
[       OK ] DantooineProgression.GlobalStringSurvivesPartialUnload (0 ms)
[ RUN      ] DantooineProgression.GlobalsClearedOnFullUnload
[       OK ] DantooineProgression.GlobalsClearedOnFullUnload (0 ms)
[ RUN      ] DantooineProgression.GalaxyMapSelectsAvailableAndSelectable
[       OK ] DantooineProgression.GalaxyMapSelectsAvailableAndSelectable (0 ms)
[ RUN      ] DantooineProgression.GalaxyMapSkipsUnavailablePlanets
[       OK ] DantooineProgression.GalaxyMapSkipsUnavailablePlanets (0 ms)
[ RUN      ] DantooineProgression.GalaxyMapSelectsLowestKeyWhenMultipleAvailable
[       OK ] DantooineProgression.GalaxyMapSelectsLowestKeyWhenMultipleAvailable (0 ms)
[ RUN      ] DantooineProgression.DantooineIndexThreeSelectedAfterTarisDeparture
[       OK ] DantooineProgression.DantooineIndexThreeSelectedAfterTarisDeparture (0 ms)
[ RUN      ] DantooineProgression.GalaxyMapKeepsValidDantooineWhenAlreadySelected
[       OK ] DantooineProgression.GalaxyMapKeepsValidDantooineWhenAlreadySelected (0 ms)
[ RUN      ] DantooineProgression.StartNewModuleGuardBlocksMissingModule
[       OK ] DantooineProgression.StartNewModuleGuardBlocksMissingModule (0 ms)
[ RUN      ] DantooineProgression.StartNewModuleAllowsKnownDantooineModule
[       OK ] DantooineProgression.StartNewModuleAllowsKnownDantooineModule (0 ms)
[ RUN      ] DantooineProgression.LevelUpThresholdLevel2Is1000
[       OK ] DantooineProgression.LevelUpThresholdLevel2Is1000 (0 ms)
[ RUN      ] DantooineProgression.LevelUpThresholdLevel3Is3000
[       OK ] DantooineProgression.LevelUpThresholdLevel3Is3000 (0 ms)
[ RUN      ] DantooineProgression.LevelUpThresholdLevel4Is6000
[       OK ] DantooineProgression.LevelUpThresholdLevel4Is6000 (0 ms)
[ RUN      ] DantooineProgression.LevelUpThresholdIncreasesMonotonically
[       OK ] DantooineProgression.LevelUpThresholdIncreasesMonotonically (0 ms)
[ RUN      ] DantooineProgression.LevelUpRequires1000XPAfterEndarSpire
[       OK ] DantooineProgression.LevelUpRequires1000XPAfterEndarSpire (0 ms)
[ RUN      ] DantooineProgression.LevelUpFiresAfterEnoughCombatOnTaris
[       OK ] DantooineProgression.LevelUpFiresAfterEnoughCombatOnTaris (0 ms)
[ RUN      ] DantooineProgression.ScoundrelHPGainCON12
[       OK ] DantooineProgression.ScoundrelHPGainCON12 (0 ms)
[ RUN      ] DantooineProgression.SoldierHPGainCON14
[       OK ] DantooineProgression.SoldierHPGainCON14 (0 ms)
[ RUN      ] DantooineProgression.ScoutHPGainCON10
[       OK ] DantooineProgression.ScoutHPGainCON10 (0 ms)
[ RUN      ] DantooineProgression.HPGainMinimumOneWithNegativeConMod
[       OK ] DantooineProgression.HPGainMinimumOneWithNegativeConMod (0 ms)
[ RUN      ] DantooineProgression.HPGainFloorClampAtOne
[       OK ] DantooineProgression.HPGainFloorClampAtOne (0 ms)
[ RUN      ] DantooineProgression.HPGainBelowOneClampsToOne
[       OK ] DantooineProgression.HPGainBelowOneClampsToOne (0 ms)
[ RUN      ] DantooineProgression.TarisDepartureGlobalSetBeforeTransition
[       OK ] DantooineProgression.TarisDepartureGlobalSetBeforeTransition (0 ms)
[ RUN      ] DantooineProgression.AreaUnescapableFlagClearedOnFullUnload
[       OK ] DantooineProgression.AreaUnescapableFlagClearedOnFullUnload (0 ms)
[ RUN      ] DantooineProgression.AreaUnescapableFlagSurvivesModuleTransition
[       OK ] DantooineProgression.AreaUnescapableFlagSurvivesModuleTransition (0 ms)
[ RUN      ] DantooineProgression.PartyRosterSurvivesModuleTransition
[       OK ] DantooineProgression.PartyRosterSurvivesModuleTransition (0 ms)
[ RUN      ] DantooineProgression.PartyRosterClearedOnFullUnload
[       OK ] DantooineProgression.PartyRosterClearedOnFullUnload (0 ms)
[ RUN      ] DantooineProgression.PartyRosterWithCarthAndBastila
[       OK ] DantooineProgression.PartyRosterWithCarthAndBastila (0 ms)
[----------] 38 tests from DantooineProgression (0 ms total)

[----------] Global test environment tear-down
[==========] 38 tests from 1 test suite ran. (0 ms total)
[  PASSED  ] 38 tests.
<end of output>
Test time =   0.01 sec
----------------------------------------------------------
Test Passed.
"tests_engines_kotorbase_test_dantooine_progression" end time: Apr 06 13:23 Eastern Daylight Time
"tests_engines_kotorbase_test_dantooine_progression" time elapsed: 00:00:00
----------------------------------------------------------

96/96 Testing: tests_smoke_crash_regression
96/96 Test: tests_smoke_crash_regression
Command: "D:/Games/Astryx/build-new/bin/Debug/tests_smoke_crash_regression.exe"
Directory: D:/Games/Astryx/build-new
"tests_smoke_crash_regression" start time: Apr 06 13:23 Eastern Daylight Time
Output:
----------------------------------------------------------
Running main() from gtest_main.cc
Running main() from D:\Games\Astryx\tests\googletest\src\gtest_main.cc
[==========] Running 3 tests from 1 test suite.
[----------] Global test environment set-up.
[----------] 3 tests from CrashRegression
[ RUN      ] CrashRegression.ModuleBadTransitionNoCrash
[       OK ] CrashRegression.ModuleBadTransitionNoCrash (0 ms)
[ RUN      ] CrashRegression.ScriptInvalidTargetNoCrash
[       OK ] CrashRegression.ScriptInvalidTargetNoCrash (0 ms)
[ RUN      ] CrashRegression.MissingResourceLoadNoCrash
[       OK ] CrashRegression.MissingResourceLoadNoCrash (0 ms)
[----------] 3 tests from CrashRegression (0 ms total)

[----------] Global test environment tear-down
[==========] 3 tests from 1 test suite ran. (0 ms total)
[  PASSED  ] 3 tests.
<end of output>
Test time =   0.02 sec
----------------------------------------------------------
Test Passed.
"tests_smoke_crash_regression" end time: Apr 06 13:23 Eastern Daylight Time
"tests_smoke_crash_regression" time elapsed: 00:00:00
----------------------------------------------------------

End testing: Apr 06 13:23 Eastern Daylight Time
